  [1m[35m (339.6ms)[0m  [1m[35mCREATE DATABASE "Cats_development" ENCODING = 'unicode'[0m
  ↳ bin/rails:9
  [1m[35m (249.3ms)[0m  [1m[35mCREATE DATABASE "Cats_test" ENCODING = 'unicode'[0m
  ↳ bin/rails:9
  [1m[35m (11.4ms)[0m  [1m[35mCREATE TABLE "schema_migrations" ("version" character varying NOT NULL PRIMARY KEY)[0m
  ↳ bin/rails:9
  [1m[35m (3.2ms)[0m  [1m[35mCREATE TABLE "ar_internal_metadata" ("key" character varying NOT NULL PRIMARY KEY, "value" character varying, "created_at" timestamp NOT NULL, "updated_at" timestamp NOT NULL)[0m
  ↳ bin/rails:9
  [1m[35m (0.9ms)[0m  [1m[34mSELECT pg_try_advisory_lock(53283042395386965)[0m
  ↳ bin/rails:9
  [1m[35m (0.5ms)[0m  [1m[34mSELECT "schema_migrations"."version" FROM "schema_migrations" ORDER BY "schema_migrations"."version" ASC[0m
  ↳ bin/rails:9
Migrating to CreateCats (20190802190527)
  [1m[35m (0.7ms)[0m  [1m[35mBEGIN[0m
  ↳ bin/rails:9
  [1m[35m (4.9ms)[0m  [1m[35mCREATE TABLE "cats" ("id" bigserial primary key, "birth_date" date NOT NULL, "color" character varying NOT NULL, "name" character varying NOT NULL, "sex" character varying(1) NOT NULL, "description" character varying NOT NULL, "created_at" timestamp NOT NULL, "updated_at" timestamp NOT NULL)[0m
  ↳ db/migrate/20190802190527_create_cats.rb:3
  [1m[35m (1.0ms)[0m  [1m[35mCREATE  INDEX  "index_cats_on_name" ON "cats"  ("name")[0m
  ↳ db/migrate/20190802190527_create_cats.rb:3
  [1m[35m (1.4ms)[0m  [1m[35mCREATE  INDEX  "index_cats_on_birth_date_and_name" ON "cats"  ("birth_date", "name")[0m
  ↳ db/migrate/20190802190527_create_cats.rb:12
  [1m[36mActiveRecord::SchemaMigration Create (0.9ms)[0m  [1m[32mINSERT INTO "schema_migrations" ("version") VALUES ($1) RETURNING "version"[0m  [["version", "20190802190527"]]
  ↳ bin/rails:9
  [1m[35m (0.3ms)[0m  [1m[35mCOMMIT[0m
  ↳ bin/rails:9
  [1m[36mActiveRecord::InternalMetadata Load (0.3ms)[0m  [1m[34mSELECT  "ar_internal_metadata".* FROM "ar_internal_metadata" WHERE "ar_internal_metadata"."key" = $1 LIMIT $2[0m  [["key", "environment"], ["LIMIT", 1]]
  ↳ bin/rails:9
  [1m[35m (0.1ms)[0m  [1m[35mBEGIN[0m
  ↳ bin/rails:9
  [1m[36mActiveRecord::InternalMetadata Create (0.7ms)[0m  [1m[32mINSERT INTO "ar_internal_metadata" ("key", "value", "created_at", "updated_at") VALUES ($1, $2, $3, $4) RETURNING "key"[0m  [["key", "environment"], ["value", "development"], ["created_at", "2019-08-02 19:09:50.193996"], ["updated_at", "2019-08-02 19:09:50.193996"]]
  ↳ bin/rails:9
  [1m[35m (0.3ms)[0m  [1m[35mCOMMIT[0m
  ↳ bin/rails:9
  [1m[35m (0.2ms)[0m  [1m[34mSELECT pg_advisory_unlock(53283042395386965)[0m
  ↳ bin/rails:9
  [1m[35m (0.5ms)[0m  [1m[34mSELECT "schema_migrations"."version" FROM "schema_migrations" ORDER BY "schema_migrations"."version" ASC[0m
  ↳ bin/rails:9
  [1m[35m (0.2ms)[0m  [1m[35mBEGIN[0m
  [1m[35m (0.9ms)[0m  [1m[31mROLLBACK[0m
  [1m[35m (0.2ms)[0m  [1m[35mBEGIN[0m
  [1m[35m (0.2ms)[0m  [1m[31mROLLBACK[0m
  [1m[35m (0.2ms)[0m  [1m[35mBEGIN[0m
  [1m[35m (0.2ms)[0m  [1m[31mROLLBACK[0m
  [1m[35m (0.2ms)[0m  [1m[35mBEGIN[0m
  [1m[35m (0.2ms)[0m  [1m[31mROLLBACK[0m
  [1m[35m (0.2ms)[0m  [1m[35mBEGIN[0m
  [1m[35m (0.2ms)[0m  [1m[31mROLLBACK[0m
  [1m[35m (0.2ms)[0m  [1m[35mBEGIN[0m
  [1m[36mCat Create (1.1ms)[0m  [1m[32mINSERT INTO "cats" ("birth_date", "color", "name", "sex", "description", "created_at", "updated_at") VALUES ($1, $2, $3, $4, $5, $6, $7) RETURNING "id"[0m  [["birth_date", "0012-03-19"], ["color", "red"], ["name", "buttons"], ["sex", "M"], ["description", "hello"], ["created_at", "2019-08-02 21:01:23.179319"], ["updated_at", "2019-08-02 21:01:23.179319"]]
  [1m[35m (0.4ms)[0m  [1m[35mCOMMIT[0m
  [1m[35m (0.2ms)[0m  [1m[35mBEGIN[0m
  [1m[36mCat Create (0.4ms)[0m  [1m[32mINSERT INTO "cats" ("birth_date", "color", "name", "sex", "description", "created_at", "updated_at") VALUES ($1, $2, $3, $4, $5, $6, $7) RETURNING "id"[0m  [["birth_date", "0012-03-19"], ["color", "red"], ["name", "George"], ["sex", "M"], ["description", "hello"], ["created_at", "2019-08-02 21:02:23.283636"], ["updated_at", "2019-08-02 21:02:23.283636"]]
  [1m[35m (0.6ms)[0m  [1m[35mCOMMIT[0m
Started GET "/cats" for ::1 at 2019-08-02 14:02:53 -0700
  [1m[35m (0.7ms)[0m  [1m[34mSELECT "schema_migrations"."version" FROM "schema_migrations" ORDER BY "schema_migrations"."version" ASC[0m
  ↳ /Users/kevinkaminski/.rbenv/versions/2.5.1/lib/ruby/gems/2.5.0/gems/activerecord-5.2.3/lib/active_record/log_subscriber.rb:98
  
ActionController::RoutingError (No route matches [GET] "/cats"):
  
actionpack (5.2.3) lib/action_dispatch/middleware/debug_exceptions.rb:65:in `call'
web-console (3.7.0) lib/web_console/middleware.rb:135:in `call_app'
web-console (3.7.0) lib/web_console/middleware.rb:30:in `block in call'
web-console (3.7.0) lib/web_console/middleware.rb:20:in `catch'
web-console (3.7.0) lib/web_console/middleware.rb:20:in `call'
actionpack (5.2.3) lib/action_dispatch/middleware/show_exceptions.rb:33:in `call'
railties (5.2.3) lib/rails/rack/logger.rb:38:in `call_app'
railties (5.2.3) lib/rails/rack/logger.rb:26:in `block in call'
activesupport (5.2.3) lib/active_support/tagged_logging.rb:71:in `block in tagged'
activesupport (5.2.3) lib/active_support/tagged_logging.rb:28:in `tagged'
activesupport (5.2.3) lib/active_support/tagged_logging.rb:71:in `tagged'
railties (5.2.3) lib/rails/rack/logger.rb:26:in `call'
sprockets-rails (3.2.1) lib/sprockets/rails/quiet_assets.rb:13:in `call'
actionpack (5.2.3) lib/action_dispatch/middleware/remote_ip.rb:81:in `call'
actionpack (5.2.3) lib/action_dispatch/middleware/request_id.rb:27:in `call'
rack (2.0.7) lib/rack/method_override.rb:22:in `call'
rack (2.0.7) lib/rack/runtime.rb:22:in `call'
activesupport (5.2.3) lib/active_support/cache/strategy/local_cache_middleware.rb:29:in `call'
actionpack (5.2.3) lib/action_dispatch/middleware/executor.rb:14:in `call'
actionpack (5.2.3) lib/action_dispatch/middleware/static.rb:127:in `call'
rack (2.0.7) lib/rack/sendfile.rb:111:in `call'
railties (5.2.3) lib/rails/engine.rb:524:in `call'
puma (3.12.1) lib/puma/configuration.rb:227:in `call'
puma (3.12.1) lib/puma/server.rb:660:in `handle_request'
puma (3.12.1) lib/puma/server.rb:474:in `process_client'
puma (3.12.1) lib/puma/server.rb:334:in `block in run'
puma (3.12.1) lib/puma/thread_pool.rb:135:in `block in spawn_thread'
Started GET "/cat" for ::1 at 2019-08-02 14:03:19 -0700

NameError - uninitialized constant CatController:

Started POST "/__better_errors/eef3d20a5ee62ea7/variables" for ::1 at 2019-08-02 14:03:19 -0700
Started GET "/cats" for ::1 at 2019-08-02 14:03:42 -0700
  [1m[35m (0.6ms)[0m  [1m[34mSELECT "schema_migrations"."version" FROM "schema_migrations" ORDER BY "schema_migrations"."version" ASC[0m
  ↳ /Users/kevinkaminski/.rbenv/versions/2.5.1/lib/ruby/gems/2.5.0/gems/activerecord-5.2.3/lib/active_record/log_subscriber.rb:98

LoadError - Unable to autoload constant CatsController, expected /Users/kevinkaminski/Documents/App Academy/Pair Programming/W6D5/Cats/app/controllers/cats_controller.rb to define it:

Started POST "/__better_errors/6d680efea1314b00/variables" for ::1 at 2019-08-02 14:03:42 -0700
Started GET "/cats" for ::1 at 2019-08-02 14:04:30 -0700

LoadError - Unable to autoload constant CatsController, expected /Users/kevinkaminski/Documents/App Academy/Pair Programming/W6D5/Cats/app/controllers/cats_controller.rb to define it:

Started POST "/__better_errors/08f91df3260609ee/variables" for ::1 at 2019-08-02 14:04:30 -0700
Started GET "/cats" for ::1 at 2019-08-02 14:04:30 -0700

LoadError - Unable to autoload constant CatsController, expected /Users/kevinkaminski/Documents/App Academy/Pair Programming/W6D5/Cats/app/controllers/cats_controller.rb to define it:

Started POST "/__better_errors/16832c3b9e15369e/variables" for ::1 at 2019-08-02 14:04:30 -0700
Started GET "/cats" for ::1 at 2019-08-02 14:04:31 -0700

LoadError - Unable to autoload constant CatsController, expected /Users/kevinkaminski/Documents/App Academy/Pair Programming/W6D5/Cats/app/controllers/cats_controller.rb to define it:

Started POST "/__better_errors/136e7f77a6e7eb94/variables" for ::1 at 2019-08-02 14:04:31 -0700
Started GET "/cats" for ::1 at 2019-08-02 14:04:31 -0700

LoadError - Unable to autoload constant CatsController, expected /Users/kevinkaminski/Documents/App Academy/Pair Programming/W6D5/Cats/app/controllers/cats_controller.rb to define it:

Started POST "/__better_errors/6bc13da309932f59/variables" for ::1 at 2019-08-02 14:04:31 -0700
Started GET "/cats" for ::1 at 2019-08-02 14:04:31 -0700

LoadError - Unable to autoload constant CatsController, expected /Users/kevinkaminski/Documents/App Academy/Pair Programming/W6D5/Cats/app/controllers/cats_controller.rb to define it:

Started POST "/__better_errors/2d7492c6b54b5642/variables" for ::1 at 2019-08-02 14:04:31 -0700
Started GET "/cats" for ::1 at 2019-08-02 14:04:32 -0700

LoadError - Unable to autoload constant CatsController, expected /Users/kevinkaminski/Documents/App Academy/Pair Programming/W6D5/Cats/app/controllers/cats_controller.rb to define it:

Started POST "/__better_errors/3c8600a1bf6a62f1/variables" for ::1 at 2019-08-02 14:04:32 -0700
Started GET "/cats" for ::1 at 2019-08-02 14:04:32 -0700

LoadError - Unable to autoload constant CatsController, expected /Users/kevinkaminski/Documents/App Academy/Pair Programming/W6D5/Cats/app/controllers/cats_controller.rb to define it:

Started POST "/__better_errors/5b18a07ceb3a3c45/variables" for ::1 at 2019-08-02 14:04:32 -0700
Started GET "/cats" for ::1 at 2019-08-02 14:04:32 -0700

LoadError - Unable to autoload constant CatsController, expected /Users/kevinkaminski/Documents/App Academy/Pair Programming/W6D5/Cats/app/controllers/cats_controller.rb to define it:

Started POST "/__better_errors/05c44d43c53e0ce6/variables" for ::1 at 2019-08-02 14:04:32 -0700
Started GET "/cats" for ::1 at 2019-08-02 14:04:41 -0700
  [1m[35m (0.7ms)[0m  [1m[34mSELECT "schema_migrations"."version" FROM "schema_migrations" ORDER BY "schema_migrations"."version" ASC[0m
  ↳ /Users/kevinkaminski/.rbenv/versions/2.5.1/lib/ruby/gems/2.5.0/gems/activerecord-5.2.3/lib/active_record/log_subscriber.rb:98

LoadError - Unable to autoload constant CatsController, expected /Users/kevinkaminski/Documents/App Academy/Pair Programming/W6D5/Cats/app/controllers/cats_controller.rb to define it:

Started POST "/__better_errors/4a1da4b305e61879/variables" for ::1 at 2019-08-02 14:04:41 -0700
Started GET "/cats" for ::1 at 2019-08-02 14:04:57 -0700
Processing by CatsController#index as HTML
Completed 500 Internal Server Error in 13ms (ActiveRecord: 0.0ms)



ActionView::MissingTemplate - Missing template cats/index, application/index with {:locale=>[:en], :formats=>[:html], :variants=>[], :handlers=>[:raw, :erb, :html, :builder, :ruby, :coffee, :jbuilder]}. Searched in:
  * "/Users/kevinkaminski/Documents/App Academy/Pair Programming/W6D5/Cats/app/views"
:
  app/controllers/cats_controller.rb:4:in `index'

Started POST "/__better_errors/43d5a212b1700add/variables" for ::1 at 2019-08-02 14:04:57 -0700
  [1m[36mCat Load (0.5ms)[0m  [1m[34mSELECT  "cats".* FROM "cats" LIMIT $1[0m  [["LIMIT", 11]]
  ↳ /Users/kevinkaminski/.rbenv/versions/2.5.1/lib/ruby/gems/2.5.0/gems/activerecord-5.2.3/lib/active_record/log_subscriber.rb:98
  [1m[36mCACHE Cat Load (0.0ms)[0m  [1m[34mSELECT  "cats".* FROM "cats" LIMIT $1[0m  [["LIMIT", 11]]
  ↳ /Users/kevinkaminski/.rbenv/versions/2.5.1/lib/ruby/gems/2.5.0/gems/activerecord-5.2.3/lib/active_record/log_subscriber.rb:98
  [1m[36mCACHE Cat Load (0.0ms)[0m  [1m[34mSELECT  "cats".* FROM "cats" LIMIT $1[0m  [["LIMIT", 11]]
  ↳ /Users/kevinkaminski/.rbenv/versions/2.5.1/lib/ruby/gems/2.5.0/gems/activerecord-5.2.3/lib/active_record/log_subscriber.rb:98
Started GET "/cats" for ::1 at 2019-08-02 14:06:42 -0700
Processing by CatsController#index as HTML
  Rendering cats/index.html.erb within layouts/application
  Rendered cats/index.html.erb within layouts/application (7.2ms)
Completed 500 Internal Server Error in 12ms (ActiveRecord: 0.0ms)



NoMethodError - undefined method `each' for nil:NilClass:
  app/views/cats/index.html.erb:2:in `_app_views_cats_index_html_erb__1607259036004829923_70213669630340'
  app/controllers/cats_controller.rb:4:in `index'

Started POST "/__better_errors/7d9da514b26ecdef/variables" for ::1 at 2019-08-02 14:06:42 -0700
  [1m[36mCat Load (0.2ms)[0m  [1m[34mSELECT  "cats".* FROM "cats" LIMIT $1[0m  [["LIMIT", 11]]
  ↳ /Users/kevinkaminski/.rbenv/versions/2.5.1/lib/ruby/gems/2.5.0/gems/activerecord-5.2.3/lib/active_record/log_subscriber.rb:98
  [1m[36mCACHE Cat Load (0.0ms)[0m  [1m[34mSELECT  "cats".* FROM "cats" LIMIT $1[0m  [["LIMIT", 11]]
  ↳ /Users/kevinkaminski/.rbenv/versions/2.5.1/lib/ruby/gems/2.5.0/gems/activerecord-5.2.3/lib/active_record/log_subscriber.rb:98
  [1m[36mCACHE Cat Load (0.0ms)[0m  [1m[34mSELECT  "cats".* FROM "cats" LIMIT $1[0m  [["LIMIT", 11]]
  ↳ /Users/kevinkaminski/.rbenv/versions/2.5.1/lib/ruby/gems/2.5.0/gems/activerecord-5.2.3/lib/active_record/log_subscriber.rb:98
  [1m[36mCACHE Cat Load (0.0ms)[0m  [1m[34mSELECT  "cats".* FROM "cats" LIMIT $1[0m  [["LIMIT", 11]]
  ↳ /Users/kevinkaminski/.rbenv/versions/2.5.1/lib/ruby/gems/2.5.0/gems/activerecord-5.2.3/lib/active_record/log_subscriber.rb:98
Started GET "/cats" for ::1 at 2019-08-02 14:07:10 -0700
Processing by CatsController#index as HTML
  Rendering cats/index.html.erb within layouts/application
  [1m[36mCat Load (0.3ms)[0m  [1m[34mSELECT "cats".* FROM "cats"[0m
  ↳ app/views/cats/index.html.erb:2
  [1m[36mCat Load (0.3ms)[0m  [1m[34mSELECT  "cats".* FROM "cats" LIMIT $1[0m  [["LIMIT", 11]]
  ↳ app/controllers/cats_controller.rb:4
  [1m[36mCACHE Cat Load (0.0ms)[0m  [1m[34mSELECT  "cats".* FROM "cats" LIMIT $1[0m  [["LIMIT", 11]]
  ↳ app/controllers/cats_controller.rb:4
  [1m[36mCACHE Cat Load (0.0ms)[0m  [1m[34mSELECT  "cats".* FROM "cats" LIMIT $1[0m  [["LIMIT", 11]]
  ↳ app/controllers/cats_controller.rb:4
  [1m[36mCACHE Cat Load (0.0ms)[0m  [1m[34mSELECT  "cats".* FROM "cats" LIMIT $1[0m  [["LIMIT", 11]]
  ↳ app/controllers/cats_controller.rb:4
  [1m[36mCACHE Cat Load (0.0ms)[0m  [1m[34mSELECT  "cats".* FROM "cats" LIMIT $1[0m  [["LIMIT", 11]]
  ↳ app/controllers/cats_controller.rb:4
  [1m[36mCACHE Cat Load (0.0ms)[0m  [1m[34mSELECT  "cats".* FROM "cats" LIMIT $1[0m  [["LIMIT", 11]]
  ↳ app/controllers/cats_controller.rb:4
  [1m[36mCACHE Cat Load (0.0ms)[0m  [1m[34mSELECT  "cats".* FROM "cats" LIMIT $1[0m  [["LIMIT", 11]]
  ↳ app/controllers/cats_controller.rb:4
  [1m[36mCACHE Cat Load (0.0ms)[0m  [1m[34mSELECT  "cats".* FROM "cats" LIMIT $1[0m  [["LIMIT", 11]]
  ↳ app/controllers/cats_controller.rb:4
  [1m[36mCACHE Cat Load (0.0ms)[0m  [1m[34mSELECT  "cats".* FROM "cats" LIMIT $1[0m  [["LIMIT", 11]]
  ↳ app/controllers/cats_controller.rb:4
  [1m[36mCACHE Cat Load (0.0ms)[0m  [1m[34mSELECT  "cats".* FROM "cats" LIMIT $1[0m  [["LIMIT", 11]]
  ↳ app/controllers/cats_controller.rb:4
  [1m[36mCACHE Cat Load (0.0ms)[0m  [1m[34mSELECT  "cats".* FROM "cats" LIMIT $1[0m  [["LIMIT", 11]]
  ↳ app/controllers/cats_controller.rb:4
  [1m[36mCACHE Cat Load (0.0ms)[0m  [1m[34mSELECT  "cats".* FROM "cats" LIMIT $1[0m  [["LIMIT", 11]]
  ↳ app/controllers/cats_controller.rb:4
  Rendered cats/index.html.erb within layouts/application (265.4ms)
Completed 500 Internal Server Error in 269ms (ActiveRecord: 0.7ms)


  [1m[36mCACHE Cat Load (0.0ms)[0m  [1m[34mSELECT  "cats".* FROM "cats" LIMIT $1[0m  [["LIMIT", 11]]
  ↳ /Users/kevinkaminski/.rbenv/versions/2.5.1/lib/ruby/gems/2.5.0/gems/activerecord-5.2.3/lib/active_record/log_subscriber.rb:98
  [1m[36mCACHE Cat Load (0.0ms)[0m  [1m[34mSELECT  "cats".* FROM "cats" LIMIT $1[0m  [["LIMIT", 11]]
  ↳ /Users/kevinkaminski/.rbenv/versions/2.5.1/lib/ruby/gems/2.5.0/gems/activerecord-5.2.3/lib/active_record/log_subscriber.rb:98
  [1m[36mCACHE Cat Load (0.0ms)[0m  [1m[34mSELECT  "cats".* FROM "cats" LIMIT $1[0m  [["LIMIT", 11]]
  ↳ /Users/kevinkaminski/.rbenv/versions/2.5.1/lib/ruby/gems/2.5.0/gems/activerecord-5.2.3/lib/active_record/log_subscriber.rb:98
  [1m[36mCACHE Cat Load (0.0ms)[0m  [1m[34mSELECT  "cats".* FROM "cats" LIMIT $1[0m  [["LIMIT", 11]]
  ↳ /Users/kevinkaminski/.rbenv/versions/2.5.1/lib/ruby/gems/2.5.0/gems/activerecord-5.2.3/lib/active_record/log_subscriber.rb:98
  [1m[36mCACHE Cat Load (0.0ms)[0m  [1m[34mSELECT  "cats".* FROM "cats" LIMIT $1[0m  [["LIMIT", 11]]
  ↳ /Users/kevinkaminski/.rbenv/versions/2.5.1/lib/ruby/gems/2.5.0/gems/activerecord-5.2.3/lib/active_record/log_subscriber.rb:98
  [1m[36mCACHE Cat Load (0.0ms)[0m  [1m[34mSELECT  "cats".* FROM "cats" LIMIT $1[0m  [["LIMIT", 11]]
  ↳ /Users/kevinkaminski/.rbenv/versions/2.5.1/lib/ruby/gems/2.5.0/gems/activerecord-5.2.3/lib/active_record/log_subscriber.rb:98

NameError - undefined local variable or method `cat' for #<#<Class:0x00007fb7cba487f8>:0x00007fb7c8d0c370>
Did you mean?  catch:
  app/views/cats/index.html.erb:6:in `block in _app_views_cats_index_html_erb__1607259036004829923_70213662568820'
  app/views/cats/index.html.erb:2:in `_app_views_cats_index_html_erb__1607259036004829923_70213662568820'
  app/controllers/cats_controller.rb:4:in `index'

Started POST "/__better_errors/fcc9248a54f08a20/variables" for ::1 at 2019-08-02 14:07:11 -0700
Started GET "/cats" for ::1 at 2019-08-02 14:08:33 -0700
Processing by CatsController#index as HTML
  Rendering cats/index.html.erb within layouts/application
  [1m[36mCat Load (0.3ms)[0m  [1m[34mSELECT "cats".* FROM "cats"[0m
  ↳ app/views/cats/index.html.erb:2
  Rendered cats/index.html.erb within layouts/application (244.7ms)
Completed 500 Internal Server Error in 249ms (ActiveRecord: 0.3ms)



NameError - undefined local variable or method `index' for #<#<Class:0x00007fb7cba487f8>:0x00007fb7cf0dba90>:
  app/views/cats/index.html.erb:6:in `block in _app_views_cats_index_html_erb__1607259036004829923_70213714760640'
  app/views/cats/index.html.erb:2:in `_app_views_cats_index_html_erb__1607259036004829923_70213714760640'
  app/controllers/cats_controller.rb:4:in `index'

Started POST "/__better_errors/ab6cb2189021b703/variables" for ::1 at 2019-08-02 14:08:34 -0700
Started GET "/cats" for ::1 at 2019-08-02 14:09:18 -0700
Processing by CatsController#index as HTML
  Rendering cats/index.html.erb within layouts/application
  [1m[36mCat Load (0.2ms)[0m  [1m[34mSELECT "cats".* FROM "cats"[0m
  ↳ app/views/cats/index.html.erb:2
  Rendered cats/_cat.html.erb (0.5ms)
  Rendered cats/index.html.erb within layouts/application (2.8ms)
Completed 500 Internal Server Error in 7ms (ActiveRecord: 0.2ms)



SyntaxError - syntax error, unexpected keyword_end
'.freeze; if end ;
             ^~~:
  app/views/cats/_cat.html.erb:8:in `'
  app/views/cats/index.html.erb:6:in `block in _app_views_cats_index_html_erb__1607259036004829923_70213697398060'
  app/views/cats/index.html.erb:2:in `_app_views_cats_index_html_erb__1607259036004829923_70213697398060'
  app/controllers/cats_controller.rb:4:in `index'

Started POST "/__better_errors/5b8b4029c216ed92/variables" for ::1 at 2019-08-02 14:09:18 -0700
Started GET "/cats" for ::1 at 2019-08-02 14:09:18 -0700
Processing by CatsController#index as HTML
  Rendering cats/index.html.erb within layouts/application
  [1m[36mCat Load (0.3ms)[0m  [1m[34mSELECT "cats".* FROM "cats"[0m
  ↳ app/views/cats/index.html.erb:2
  Rendered cats/_cat.html.erb (0.6ms)
  Rendered cats/index.html.erb within layouts/application (3.2ms)
Completed 500 Internal Server Error in 8ms (ActiveRecord: 0.3ms)



SyntaxError - syntax error, unexpected keyword_end
'.freeze; if end ;
             ^~~:
  app/views/cats/_cat.html.erb:8:in `'
  app/views/cats/index.html.erb:6:in `block in _app_views_cats_index_html_erb__1607259036004829923_70213695820960'
  app/views/cats/index.html.erb:2:in `_app_views_cats_index_html_erb__1607259036004829923_70213695820960'
  app/controllers/cats_controller.rb:4:in `index'

Started POST "/__better_errors/3fb7af23ec328053/variables" for ::1 at 2019-08-02 14:09:19 -0700
Started GET "/cats" for ::1 at 2019-08-02 14:09:32 -0700
Processing by CatsController#index as HTML
  Rendering cats/index.html.erb within layouts/application
  [1m[36mCat Load (0.3ms)[0m  [1m[34mSELECT "cats".* FROM "cats"[0m
  ↳ app/views/cats/index.html.erb:2
  Rendered cats/_cat.html.erb (0.4ms)
  Rendered cats/_cat.html.erb (0.1ms)
  Rendered cats/index.html.erb within layouts/application (4.3ms)
Completed 200 OK in 199ms (Views: 198.5ms | ActiveRecord: 0.3ms)


Started GET "/cats/1" for ::1 at 2019-08-02 14:10:27 -0700
Processing by CatsController#show as HTML
  Parameters: {"id"=>"1"}
  [1m[36mCat Load (0.7ms)[0m  [1m[34mSELECT  "cats".* FROM "cats" WHERE "cats"."id" = $1 LIMIT $2[0m  [["id", 1], ["LIMIT", 1]]
  ↳ app/controllers/cats_controller.rb:8
  Rendering cats/show.html.erb within layouts/application
  Rendered cats/_cat.html.erb (0.3ms)
  Rendered cats/show.html.erb within layouts/application (2.2ms)
Completed 200 OK in 41ms (Views: 18.3ms | ActiveRecord: 1.0ms)


Started GET "/cats/2" for ::1 at 2019-08-02 14:10:31 -0700
Processing by CatsController#show as HTML
  Parameters: {"id"=>"2"}
  [1m[36mCat Load (0.3ms)[0m  [1m[34mSELECT  "cats".* FROM "cats" WHERE "cats"."id" = $1 LIMIT $2[0m  [["id", 2], ["LIMIT", 1]]
  ↳ app/controllers/cats_controller.rb:8
  Rendering cats/show.html.erb within layouts/application
  Rendered cats/_cat.html.erb (0.4ms)
  Rendered cats/show.html.erb within layouts/application (2.2ms)
Completed 200 OK in 19ms (Views: 17.8ms | ActiveRecord: 0.3ms)


Started GET "/cats/2" for ::1 at 2019-08-02 14:16:06 -0700
Processing by CatsController#show as HTML
  Parameters: {"id"=>"2"}
  [1m[36mCat Load (0.6ms)[0m  [1m[34mSELECT  "cats".* FROM "cats" WHERE "cats"."id" = $1 LIMIT $2[0m  [["id", 2], ["LIMIT", 1]]
  ↳ app/controllers/cats_controller.rb:8
  Rendering cats/show.html.erb within layouts/application
  Rendered cats/_cat.html.erb (0.3ms)
  Rendered cats/show.html.erb within layouts/application (2.1ms)
Completed 200 OK in 20ms (Views: 18.1ms | ActiveRecord: 0.8ms)


Started GET "/cats/2" for ::1 at 2019-08-02 14:16:07 -0700
Processing by CatsController#show as HTML
  Parameters: {"id"=>"2"}
  [1m[36mCat Load (0.3ms)[0m  [1m[34mSELECT  "cats".* FROM "cats" WHERE "cats"."id" = $1 LIMIT $2[0m  [["id", 2], ["LIMIT", 1]]
  ↳ app/controllers/cats_controller.rb:8
  Rendering cats/show.html.erb within layouts/application
  Rendered cats/_cat.html.erb (0.3ms)
  Rendered cats/show.html.erb within layouts/application (2.1ms)
Completed 200 OK in 22ms (Views: 20.9ms | ActiveRecord: 0.3ms)


Started GET "/cats/2" for ::1 at 2019-08-02 14:16:08 -0700
Processing by CatsController#show as HTML
  Parameters: {"id"=>"2"}
  [1m[36mCat Load (0.3ms)[0m  [1m[34mSELECT  "cats".* FROM "cats" WHERE "cats"."id" = $1 LIMIT $2[0m  [["id", 2], ["LIMIT", 1]]
  ↳ app/controllers/cats_controller.rb:8
  Rendering cats/show.html.erb within layouts/application
  Rendered cats/_cat.html.erb (0.3ms)
  Rendered cats/show.html.erb within layouts/application (2.5ms)
Completed 200 OK in 27ms (Views: 22.9ms | ActiveRecord: 0.3ms)


Started GET "/cats/2" for ::1 at 2019-08-02 14:16:08 -0700
Processing by CatsController#show as HTML
  Parameters: {"id"=>"2"}
  [1m[36mCat Load (0.3ms)[0m  [1m[34mSELECT  "cats".* FROM "cats" WHERE "cats"."id" = $1 LIMIT $2[0m  [["id", 2], ["LIMIT", 1]]
  ↳ app/controllers/cats_controller.rb:8
  Rendering cats/show.html.erb within layouts/application
  Rendered cats/_cat.html.erb (0.3ms)
  Rendered cats/show.html.erb within layouts/application (2.2ms)
Completed 200 OK in 25ms (Views: 23.6ms | ActiveRecord: 0.3ms)


Started GET "/cats/2" for ::1 at 2019-08-02 14:16:08 -0700
Processing by CatsController#show as HTML
  Parameters: {"id"=>"2"}
  [1m[36mCat Load (0.3ms)[0m  [1m[34mSELECT  "cats".* FROM "cats" WHERE "cats"."id" = $1 LIMIT $2[0m  [["id", 2], ["LIMIT", 1]]
  ↳ app/controllers/cats_controller.rb:8
  Rendering cats/show.html.erb within layouts/application
  Rendered cats/_cat.html.erb (0.3ms)
  Rendered cats/show.html.erb within layouts/application (2.3ms)
Completed 200 OK in 22ms (Views: 20.7ms | ActiveRecord: 0.3ms)


Started GET "/cats/2" for ::1 at 2019-08-02 14:16:08 -0700
Processing by CatsController#show as HTML
  Parameters: {"id"=>"2"}
  [1m[36mCat Load (0.3ms)[0m  [1m[34mSELECT  "cats".* FROM "cats" WHERE "cats"."id" = $1 LIMIT $2[0m  [["id", 2], ["LIMIT", 1]]
  ↳ app/controllers/cats_controller.rb:8
  Rendering cats/show.html.erb within layouts/application
  Rendered cats/_cat.html.erb (0.3ms)
  Rendered cats/show.html.erb within layouts/application (2.0ms)
Completed 200 OK in 26ms (Views: 25.3ms | ActiveRecord: 0.3ms)


Started GET "/cats" for ::1 at 2019-08-02 14:16:13 -0700
Processing by CatsController#index as HTML
  Rendering cats/index.html.erb within layouts/application
  [1m[36mCat Load (0.3ms)[0m  [1m[34mSELECT "cats".* FROM "cats"[0m
  ↳ app/views/cats/index.html.erb:8
  Rendered cats/_cat.html.erb (0.4ms)
  Rendered cats/_cat.html.erb (0.1ms)
  Rendered cats/index.html.erb within layouts/application (4.6ms)
Completed 200 OK in 19ms (Views: 18.8ms | ActiveRecord: 0.3ms)


Started GET "/cats" for ::1 at 2019-08-02 14:17:20 -0700
Processing by CatsController#index as HTML
  Rendering cats/index.html.erb within layouts/application
  [1m[36mCat Load (0.2ms)[0m  [1m[34mSELECT "cats".* FROM "cats"[0m
  ↳ app/views/cats/index.html.erb:8
  Rendered cats/_cat.html.erb (0.3ms)
  Rendered cats/_cat.html.erb (0.0ms)
  Rendered cats/index.html.erb within layouts/application (3.9ms)
Completed 200 OK in 17ms (Views: 16.2ms | ActiveRecord: 0.2ms)


Started GET "/cats" for ::1 at 2019-08-02 14:17:47 -0700
Processing by CatsController#index as HTML
  Rendering cats/index.html.erb within layouts/application
  [1m[36mCat Load (0.3ms)[0m  [1m[34mSELECT "cats".* FROM "cats"[0m
  ↳ app/views/cats/index.html.erb:8
  Rendered cats/_cat.html.erb (0.3ms)
  Rendered cats/_cat.html.erb (0.1ms)
  Rendered cats/index.html.erb within layouts/application (3.9ms)
Completed 200 OK in 17ms (Views: 16.0ms | ActiveRecord: 0.3ms)


Started GET "/cats" for ::1 at 2019-08-02 14:18:14 -0700
Processing by CatsController#index as HTML
  Rendering cats/index.html.erb within layouts/application
  [1m[36mCat Load (0.3ms)[0m  [1m[34mSELECT "cats".* FROM "cats"[0m
  ↳ app/views/cats/index.html.erb:8
  Rendered cats/_cat.html.erb (0.3ms)
  Rendered cats/_cat.html.erb (0.1ms)
  Rendered cats/index.html.erb within layouts/application (4.5ms)
Completed 200 OK in 20ms (Views: 19.3ms | ActiveRecord: 0.3ms)


Started GET "/cats/edit" for ::1 at 2019-08-02 14:36:50 -0700
Processing by CatsController#show as HTML
  Parameters: {"id"=>"edit"}
  [1m[36mCat Load (0.6ms)[0m  [1m[34mSELECT  "cats".* FROM "cats" WHERE "cats"."id" = $1 LIMIT $2[0m  [["id", 0], ["LIMIT", 1]]
  ↳ app/controllers/cats_controller.rb:8
Completed 404 Not Found in 2ms (ActiveRecord: 0.8ms)



ActiveRecord::RecordNotFound - Couldn't find Cat with 'id'=edit:
  app/controllers/cats_controller.rb:8:in `show'

Started POST "/__better_errors/8b0d042ed11fd884/variables" for ::1 at 2019-08-02 14:36:50 -0700
Started GET "/cats/edit/1" for ::1 at 2019-08-02 14:37:05 -0700
  
ActionController::RoutingError (No route matches [GET] "/cats/edit/1"):
  
actionpack (5.2.3) lib/action_dispatch/middleware/debug_exceptions.rb:65:in `call'
web-console (3.7.0) lib/web_console/middleware.rb:135:in `call_app'
web-console (3.7.0) lib/web_console/middleware.rb:30:in `block in call'
web-console (3.7.0) lib/web_console/middleware.rb:20:in `catch'
web-console (3.7.0) lib/web_console/middleware.rb:20:in `call'
actionpack (5.2.3) lib/action_dispatch/middleware/show_exceptions.rb:33:in `call'
railties (5.2.3) lib/rails/rack/logger.rb:38:in `call_app'
railties (5.2.3) lib/rails/rack/logger.rb:26:in `block in call'
activesupport (5.2.3) lib/active_support/tagged_logging.rb:71:in `block in tagged'
activesupport (5.2.3) lib/active_support/tagged_logging.rb:28:in `tagged'
activesupport (5.2.3) lib/active_support/tagged_logging.rb:71:in `tagged'
railties (5.2.3) lib/rails/rack/logger.rb:26:in `call'
sprockets-rails (3.2.1) lib/sprockets/rails/quiet_assets.rb:13:in `call'
actionpack (5.2.3) lib/action_dispatch/middleware/remote_ip.rb:81:in `call'
actionpack (5.2.3) lib/action_dispatch/middleware/request_id.rb:27:in `call'
rack (2.0.7) lib/rack/method_override.rb:22:in `call'
rack (2.0.7) lib/rack/runtime.rb:22:in `call'
activesupport (5.2.3) lib/active_support/cache/strategy/local_cache_middleware.rb:29:in `call'
actionpack (5.2.3) lib/action_dispatch/middleware/executor.rb:14:in `call'
actionpack (5.2.3) lib/action_dispatch/middleware/static.rb:127:in `call'
rack (2.0.7) lib/rack/sendfile.rb:111:in `call'
railties (5.2.3) lib/rails/engine.rb:524:in `call'
puma (3.12.1) lib/puma/configuration.rb:227:in `call'
puma (3.12.1) lib/puma/server.rb:660:in `handle_request'
puma (3.12.1) lib/puma/server.rb:474:in `process_client'
puma (3.12.1) lib/puma/server.rb:334:in `block in run'
puma (3.12.1) lib/puma/thread_pool.rb:135:in `block in spawn_thread'
Started GET "/cats/edit/1" for ::1 at 2019-08-02 14:38:15 -0700
  
ActionController::RoutingError (No route matches [GET] "/cats/edit/1"):
  
actionpack (5.2.3) lib/action_dispatch/middleware/debug_exceptions.rb:65:in `call'
web-console (3.7.0) lib/web_console/middleware.rb:135:in `call_app'
web-console (3.7.0) lib/web_console/middleware.rb:30:in `block in call'
web-console (3.7.0) lib/web_console/middleware.rb:20:in `catch'
web-console (3.7.0) lib/web_console/middleware.rb:20:in `call'
actionpack (5.2.3) lib/action_dispatch/middleware/show_exceptions.rb:33:in `call'
railties (5.2.3) lib/rails/rack/logger.rb:38:in `call_app'
railties (5.2.3) lib/rails/rack/logger.rb:26:in `block in call'
activesupport (5.2.3) lib/active_support/tagged_logging.rb:71:in `block in tagged'
activesupport (5.2.3) lib/active_support/tagged_logging.rb:28:in `tagged'
activesupport (5.2.3) lib/active_support/tagged_logging.rb:71:in `tagged'
railties (5.2.3) lib/rails/rack/logger.rb:26:in `call'
sprockets-rails (3.2.1) lib/sprockets/rails/quiet_assets.rb:13:in `call'
actionpack (5.2.3) lib/action_dispatch/middleware/remote_ip.rb:81:in `call'
actionpack (5.2.3) lib/action_dispatch/middleware/request_id.rb:27:in `call'
rack (2.0.7) lib/rack/method_override.rb:22:in `call'
rack (2.0.7) lib/rack/runtime.rb:22:in `call'
activesupport (5.2.3) lib/active_support/cache/strategy/local_cache_middleware.rb:29:in `call'
actionpack (5.2.3) lib/action_dispatch/middleware/executor.rb:14:in `call'
actionpack (5.2.3) lib/action_dispatch/middleware/static.rb:127:in `call'
rack (2.0.7) lib/rack/sendfile.rb:111:in `call'
railties (5.2.3) lib/rails/engine.rb:524:in `call'
puma (3.12.1) lib/puma/configuration.rb:227:in `call'
puma (3.12.1) lib/puma/server.rb:660:in `handle_request'
puma (3.12.1) lib/puma/server.rb:474:in `process_client'
puma (3.12.1) lib/puma/server.rb:334:in `block in run'
puma (3.12.1) lib/puma/thread_pool.rb:135:in `block in spawn_thread'
Started GET "/cats/edit/1" for ::1 at 2019-08-02 14:38:16 -0700
  
ActionController::RoutingError (No route matches [GET] "/cats/edit/1"):
  
actionpack (5.2.3) lib/action_dispatch/middleware/debug_exceptions.rb:65:in `call'
web-console (3.7.0) lib/web_console/middleware.rb:135:in `call_app'
web-console (3.7.0) lib/web_console/middleware.rb:30:in `block in call'
web-console (3.7.0) lib/web_console/middleware.rb:20:in `catch'
web-console (3.7.0) lib/web_console/middleware.rb:20:in `call'
actionpack (5.2.3) lib/action_dispatch/middleware/show_exceptions.rb:33:in `call'
railties (5.2.3) lib/rails/rack/logger.rb:38:in `call_app'
railties (5.2.3) lib/rails/rack/logger.rb:26:in `block in call'
activesupport (5.2.3) lib/active_support/tagged_logging.rb:71:in `block in tagged'
activesupport (5.2.3) lib/active_support/tagged_logging.rb:28:in `tagged'
activesupport (5.2.3) lib/active_support/tagged_logging.rb:71:in `tagged'
railties (5.2.3) lib/rails/rack/logger.rb:26:in `call'
sprockets-rails (3.2.1) lib/sprockets/rails/quiet_assets.rb:13:in `call'
actionpack (5.2.3) lib/action_dispatch/middleware/remote_ip.rb:81:in `call'
actionpack (5.2.3) lib/action_dispatch/middleware/request_id.rb:27:in `call'
rack (2.0.7) lib/rack/method_override.rb:22:in `call'
rack (2.0.7) lib/rack/runtime.rb:22:in `call'
activesupport (5.2.3) lib/active_support/cache/strategy/local_cache_middleware.rb:29:in `call'
actionpack (5.2.3) lib/action_dispatch/middleware/executor.rb:14:in `call'
actionpack (5.2.3) lib/action_dispatch/middleware/static.rb:127:in `call'
rack (2.0.7) lib/rack/sendfile.rb:111:in `call'
railties (5.2.3) lib/rails/engine.rb:524:in `call'
puma (3.12.1) lib/puma/configuration.rb:227:in `call'
puma (3.12.1) lib/puma/server.rb:660:in `handle_request'
puma (3.12.1) lib/puma/server.rb:474:in `process_client'
puma (3.12.1) lib/puma/server.rb:334:in `block in run'
puma (3.12.1) lib/puma/thread_pool.rb:135:in `block in spawn_thread'
Started GET "/cats/edit/1" for ::1 at 2019-08-02 14:38:18 -0700
  
ActionController::RoutingError (No route matches [GET] "/cats/edit/1"):
  
actionpack (5.2.3) lib/action_dispatch/middleware/debug_exceptions.rb:65:in `call'
web-console (3.7.0) lib/web_console/middleware.rb:135:in `call_app'
web-console (3.7.0) lib/web_console/middleware.rb:30:in `block in call'
web-console (3.7.0) lib/web_console/middleware.rb:20:in `catch'
web-console (3.7.0) lib/web_console/middleware.rb:20:in `call'
actionpack (5.2.3) lib/action_dispatch/middleware/show_exceptions.rb:33:in `call'
railties (5.2.3) lib/rails/rack/logger.rb:38:in `call_app'
railties (5.2.3) lib/rails/rack/logger.rb:26:in `block in call'
activesupport (5.2.3) lib/active_support/tagged_logging.rb:71:in `block in tagged'
activesupport (5.2.3) lib/active_support/tagged_logging.rb:28:in `tagged'
activesupport (5.2.3) lib/active_support/tagged_logging.rb:71:in `tagged'
railties (5.2.3) lib/rails/rack/logger.rb:26:in `call'
sprockets-rails (3.2.1) lib/sprockets/rails/quiet_assets.rb:13:in `call'
actionpack (5.2.3) lib/action_dispatch/middleware/remote_ip.rb:81:in `call'
actionpack (5.2.3) lib/action_dispatch/middleware/request_id.rb:27:in `call'
rack (2.0.7) lib/rack/method_override.rb:22:in `call'
rack (2.0.7) lib/rack/runtime.rb:22:in `call'
activesupport (5.2.3) lib/active_support/cache/strategy/local_cache_middleware.rb:29:in `call'
actionpack (5.2.3) lib/action_dispatch/middleware/executor.rb:14:in `call'
actionpack (5.2.3) lib/action_dispatch/middleware/static.rb:127:in `call'
rack (2.0.7) lib/rack/sendfile.rb:111:in `call'
railties (5.2.3) lib/rails/engine.rb:524:in `call'
puma (3.12.1) lib/puma/configuration.rb:227:in `call'
puma (3.12.1) lib/puma/server.rb:660:in `handle_request'
puma (3.12.1) lib/puma/server.rb:474:in `process_client'
puma (3.12.1) lib/puma/server.rb:334:in `block in run'
puma (3.12.1) lib/puma/thread_pool.rb:135:in `block in spawn_thread'
Started GET "/cats/edit/1" for ::1 at 2019-08-02 14:38:19 -0700
  
ActionController::RoutingError (No route matches [GET] "/cats/edit/1"):
  
actionpack (5.2.3) lib/action_dispatch/middleware/debug_exceptions.rb:65:in `call'
web-console (3.7.0) lib/web_console/middleware.rb:135:in `call_app'
web-console (3.7.0) lib/web_console/middleware.rb:30:in `block in call'
web-console (3.7.0) lib/web_console/middleware.rb:20:in `catch'
web-console (3.7.0) lib/web_console/middleware.rb:20:in `call'
actionpack (5.2.3) lib/action_dispatch/middleware/show_exceptions.rb:33:in `call'
railties (5.2.3) lib/rails/rack/logger.rb:38:in `call_app'
railties (5.2.3) lib/rails/rack/logger.rb:26:in `block in call'
activesupport (5.2.3) lib/active_support/tagged_logging.rb:71:in `block in tagged'
activesupport (5.2.3) lib/active_support/tagged_logging.rb:28:in `tagged'
activesupport (5.2.3) lib/active_support/tagged_logging.rb:71:in `tagged'
railties (5.2.3) lib/rails/rack/logger.rb:26:in `call'
sprockets-rails (3.2.1) lib/sprockets/rails/quiet_assets.rb:13:in `call'
actionpack (5.2.3) lib/action_dispatch/middleware/remote_ip.rb:81:in `call'
actionpack (5.2.3) lib/action_dispatch/middleware/request_id.rb:27:in `call'
rack (2.0.7) lib/rack/method_override.rb:22:in `call'
rack (2.0.7) lib/rack/runtime.rb:22:in `call'
activesupport (5.2.3) lib/active_support/cache/strategy/local_cache_middleware.rb:29:in `call'
actionpack (5.2.3) lib/action_dispatch/middleware/executor.rb:14:in `call'
actionpack (5.2.3) lib/action_dispatch/middleware/static.rb:127:in `call'
rack (2.0.7) lib/rack/sendfile.rb:111:in `call'
railties (5.2.3) lib/rails/engine.rb:524:in `call'
puma (3.12.1) lib/puma/configuration.rb:227:in `call'
puma (3.12.1) lib/puma/server.rb:660:in `handle_request'
puma (3.12.1) lib/puma/server.rb:474:in `process_client'
puma (3.12.1) lib/puma/server.rb:334:in `block in run'
puma (3.12.1) lib/puma/thread_pool.rb:135:in `block in spawn_thread'
Started GET "/cats/1/edit" for ::1 at 2019-08-02 14:38:39 -0700
Processing by CatsController#edit as HTML
  Parameters: {"id"=>"1"}
  [1m[36mCat Load (0.3ms)[0m  [1m[34mSELECT  "cats".* FROM "cats" WHERE "cats"."id" = $1 LIMIT $2[0m  [["id", 1], ["LIMIT", 1]]
  ↳ app/controllers/cats_controller.rb:13
  Rendering cats/edit.html.erb within layouts/application
  Rendered cats/edit.html.erb within layouts/application (2.3ms)
Completed 500 Internal Server Error in 29ms (ActiveRecord: 8.0ms)



ArgumentError - wrong number of arguments (given 3, expected 0..2):
  app/views/cats/edit.html.erb:2:in `_app_views_cats_edit_html_erb___140938205862770884_70213666719340'
  app/controllers/cats_controller.rb:14:in `edit'

Started POST "/__better_errors/bb8e726fa64f29a0/variables" for ::1 at 2019-08-02 14:38:39 -0700
Started GET "/cats/1/edit" for ::1 at 2019-08-02 14:39:20 -0700
Processing by CatsController#edit as HTML
  Parameters: {"id"=>"1"}
  [1m[36mCat Load (0.3ms)[0m  [1m[34mSELECT  "cats".* FROM "cats" WHERE "cats"."id" = $1 LIMIT $2[0m  [["id", 1], ["LIMIT", 1]]
  ↳ app/controllers/cats_controller.rb:13
  Rendering cats/edit.html.erb within layouts/application
  Rendered cats/_form.html.erb (0.6ms)
  Rendered cats/edit.html.erb within layouts/application (2.2ms)
Completed 200 OK in 16ms (Views: 15.2ms | ActiveRecord: 0.3ms)


Started PATCH "/cats/1" for ::1 at 2019-08-02 14:40:16 -0700

AbstractController::ActionNotFound - The action 'update' could not be found for CatsController:

Started POST "/__better_errors/c57412d4d596fe35/variables" for ::1 at 2019-08-02 14:40:16 -0700
Started PATCH "/cats/1" for ::1 at 2019-08-02 14:43:44 -0700
Processing by CatsController#update as HTML
  Parameters: {"kitty"=>{"name"=>"Buttons", "color"=>"black", "birth_date"=>"2019-10-5", "sex"=>"M", "description"=>"Hi! My name is Buttons. I think I'm a pretty chill cat. Come adopt me please!!!"}, "id"=>"1"}
  [1m[36mCat Load (0.2ms)[0m  [1m[34mSELECT  "cats".* FROM "cats" WHERE "cats"."id" = $1 LIMIT $2[0m  [["id", 1], ["LIMIT", 1]]
  ↳ app/controllers/cats_controller.rb:23
Completed 500 Internal Server Error in 17ms (ActiveRecord: 4.6ms)



ArgumentError - wrong number of arguments (given 0, expected 1):
  app/controllers/cats_controller.rb:24:in `update'

Started POST "/__better_errors/2fe79efb0ed99e0d/variables" for ::1 at 2019-08-02 14:43:45 -0700
Started PATCH "/cats/1" for ::1 at 2019-08-02 14:44:23 -0700
Processing by CatsController#update as HTML
  Parameters: {"kitty"=>{"name"=>"Buttons", "color"=>"black", "birth_date"=>"2019-10-5", "sex"=>"M", "description"=>"Hi! My name is Buttons. I think I'm a pretty chill cat. Come adopt me please!!!"}, "id"=>"1"}
  [1m[36mCat Load (0.2ms)[0m  [1m[34mSELECT  "cats".* FROM "cats" WHERE "cats"."id" = $1 LIMIT $2[0m  [["id", 1], ["LIMIT", 1]]
  ↳ app/controllers/cats_controller.rb:23
Completed 400 Bad Request in 13ms (ActiveRecord: 4.6ms)



ActionController::ParameterMissing - param is missing or the value is empty: cat:
  app/controllers/cats_controller.rb:34:in `cat_params'
  app/controllers/cats_controller.rb:24:in `update'

Started POST "/__better_errors/06db032041d7abc2/variables" for ::1 at 2019-08-02 14:44:23 -0700
Started POST "/__better_errors/06db032041d7abc2/eval" for ::1 at 2019-08-02 14:45:30 -0700
Started POST "/__better_errors/06db032041d7abc2/variables" for ::1 at 2019-08-02 14:45:41 -0700
Started PATCH "/cats/1" for ::1 at 2019-08-02 14:46:13 -0700
Processing by CatsController#update as HTML
  Parameters: {"kitty"=>{"name"=>"Buttons", "color"=>"black", "birth_date"=>"2019-10-5", "sex"=>"M", "description"=>"Hi! My name is Buttons. I think I'm a pretty chill cat. Come adopt me please!!!"}, "id"=>"1"}
  [1m[36mCat Load (0.3ms)[0m  [1m[34mSELECT  "cats".* FROM "cats" WHERE "cats"."id" = $1 LIMIT $2[0m  [["id", 1], ["LIMIT", 1]]
  ↳ app/controllers/cats_controller.rb:23
  [1m[35m (0.1ms)[0m  [1m[35mBEGIN[0m
  ↳ app/controllers/cats_controller.rb:24
  [1m[36mCat Update (0.6ms)[0m  [1m[33mUPDATE "cats" SET "name" = $1, "birth_date" = $2, "color" = $3, "description" = $4, "updated_at" = $5 WHERE "cats"."id" = $6[0m  [["name", "Buttons"], ["birth_date", "2019-10-05"], ["color", "black"], ["description", "Hi! My name is Buttons. I think I'm a pretty chill cat. Come adopt me please!!!"], ["updated_at", "2019-08-02 21:46:13.545973"], ["id", 1]]
  ↳ app/controllers/cats_controller.rb:24
  [1m[35m (0.7ms)[0m  [1m[35mCOMMIT[0m
  ↳ app/controllers/cats_controller.rb:24
Redirected to http://localhost:3000/cats/1
Completed 302 Found in 16ms (ActiveRecord: 6.1ms)


Started GET "/cats/1" for ::1 at 2019-08-02 14:46:13 -0700
Processing by CatsController#show as HTML
  Parameters: {"id"=>"1"}
  [1m[36mCat Load (0.2ms)[0m  [1m[34mSELECT  "cats".* FROM "cats" WHERE "cats"."id" = $1 LIMIT $2[0m  [["id", 1], ["LIMIT", 1]]
  ↳ app/controllers/cats_controller.rb:8
  Rendering cats/show.html.erb within layouts/application
  Rendered cats/_cat.html.erb (0.3ms)
  Rendered cats/show.html.erb within layouts/application (2.2ms)
Completed 200 OK in 15ms (Views: 14.6ms | ActiveRecord: 0.2ms)


Started GET "/cats/new" for ::1 at 2019-08-02 14:46:26 -0700
Processing by CatsController#new as HTML
  Rendering cats/new.html.erb within layouts/application
  Rendered cats/_form.html.erb (0.5ms)
  Rendered cats/new.html.erb within layouts/application (2.3ms)
Completed 200 OK in 16ms (Views: 15.6ms | ActiveRecord: 0.0ms)


Started GET "/cats/new" for ::1 at 2019-08-02 14:48:01 -0700
Processing by CatsController#new as HTML
  Rendering cats/new.html.erb within layouts/application
  Rendered cats/_form.html.erb (0.4ms)
  Rendered cats/new.html.erb within layouts/application (1.9ms)
Completed 200 OK in 13ms (Views: 13.1ms | ActiveRecord: 0.0ms)


Started POST "/cats" for ::1 at 2019-08-02 14:49:26 -0700

AbstractController::ActionNotFound - The action 'create' could not be found for CatsController:

Started POST "/__better_errors/ba4fa404d6f37a66/variables" for ::1 at 2019-08-02 14:49:26 -0700
Started POST "/cats" for ::1 at 2019-08-02 14:51:12 -0700
Processing by CatsController#create as HTML
  Parameters: {"kitty"=>{"name"=>"TayTay", "color"=>"gold", "birth_date"=>"1994-11-23", "sex"=>"M", "description"=>"TayTay is super cool and definitely awesome. He WILL be your BFF."}}
  [1m[35m (0.1ms)[0m  [1m[35mBEGIN[0m
  ↳ app/controllers/cats_controller.rb:34
  [1m[36mCat Create (0.5ms)[0m  [1m[32mINSERT INTO "cats" ("birth_date", "color", "name", "sex", "description", "created_at", "updated_at") VALUES ($1, $2, $3, $4, $5, $6, $7) RETURNING "id"[0m  [["birth_date", "1994-11-23"], ["color", "gold"], ["name", "TayTay"], ["sex", "M"], ["description", "TayTay is super cool and definitely awesome. He WILL be your BFF."], ["created_at", "2019-08-02 21:51:12.126524"], ["updated_at", "2019-08-02 21:51:12.126524"]]
  ↳ app/controllers/cats_controller.rb:34
  [1m[35m (0.5ms)[0m  [1m[35mCOMMIT[0m
  ↳ app/controllers/cats_controller.rb:34
Redirected to http://localhost:3000/cats/3
Completed 302 Found in 16ms (ActiveRecord: 5.6ms)


Started GET "/cats/3" for ::1 at 2019-08-02 14:51:12 -0700
Processing by CatsController#show as HTML
  Parameters: {"id"=>"3"}
  [1m[36mCat Load (0.2ms)[0m  [1m[34mSELECT  "cats".* FROM "cats" WHERE "cats"."id" = $1 LIMIT $2[0m  [["id", 3], ["LIMIT", 1]]
  ↳ app/controllers/cats_controller.rb:8
  Rendering cats/show.html.erb within layouts/application
  Rendered cats/_cat.html.erb (0.4ms)
  Rendered cats/show.html.erb within layouts/application (2.1ms)
Completed 200 OK in 22ms (Views: 21.1ms | ActiveRecord: 0.2ms)


Started GET "/cats/3" for ::1 at 2019-08-02 14:51:52 -0700
Processing by CatsController#show as HTML
  Parameters: {"id"=>"3"}
  [1m[36mCat Load (0.2ms)[0m  [1m[34mSELECT  "cats".* FROM "cats" WHERE "cats"."id" = $1 LIMIT $2[0m  [["id", 3], ["LIMIT", 1]]
  ↳ app/controllers/cats_controller.rb:8
  Rendering cats/show.html.erb within layouts/application
  Rendered cats/_cat.html.erb (0.3ms)
  Rendered cats/show.html.erb within layouts/application (1.7ms)
Completed 200 OK in 16ms (Views: 15.0ms | ActiveRecord: 0.2ms)


Started GET "/cats/3" for ::1 at 2019-08-02 14:58:15 -0700
Processing by CatsController#show as HTML
  Parameters: {"id"=>"3"}
  [1m[36mCat Load (0.6ms)[0m  [1m[34mSELECT  "cats".* FROM "cats" WHERE "cats"."id" = $1 LIMIT $2[0m  [["id", 3], ["LIMIT", 1]]
  ↳ app/controllers/cats_controller.rb:8
  Rendering cats/show.html.erb within layouts/application
  Rendered cats/_cat.html.erb (0.3ms)
  Rendered cats/show.html.erb within layouts/application (2.1ms)
Completed 200 OK in 18ms (Views: 16.1ms | ActiveRecord: 0.7ms)


Started GET "/cats/3/edit" for ::1 at 2019-08-02 14:58:23 -0700
Processing by CatsController#edit as HTML
  Parameters: {"id"=>"3"}
  [1m[36mCat Load (0.3ms)[0m  [1m[34mSELECT  "cats".* FROM "cats" WHERE "cats"."id" = $1 LIMIT $2[0m  [["id", 3], ["LIMIT", 1]]
  ↳ app/controllers/cats_controller.rb:13
  Rendering cats/edit.html.erb within layouts/application
  Rendered cats/_form.html.erb (0.6ms)
  Rendered cats/edit.html.erb within layouts/application (2.4ms)
Completed 200 OK in 18ms (Views: 16.5ms | ActiveRecord: 0.3ms)


Started PATCH "/cats/3" for ::1 at 2019-08-02 14:58:27 -0700
Processing by CatsController#update as HTML
  Parameters: {"kitty"=>{"name"=>"TayTay", "color"=>"gold", "birth_date"=>"1994-11-23", "sex"=>"M", "description"=>"    TayTay is super cool and definitely awesome. He WILL be your BFF.\r\n"}, "id"=>"3"}
  [1m[36mCat Load (0.4ms)[0m  [1m[34mSELECT  "cats".* FROM "cats" WHERE "cats"."id" = $1 LIMIT $2[0m  [["id", 3], ["LIMIT", 1]]
  ↳ app/controllers/cats_controller.rb:23
  [1m[35m (0.1ms)[0m  [1m[35mBEGIN[0m
  ↳ app/controllers/cats_controller.rb:24
  [1m[36mCat Update (0.4ms)[0m  [1m[33mUPDATE "cats" SET "description" = $1, "updated_at" = $2 WHERE "cats"."id" = $3[0m  [["description", "    TayTay is super cool and definitely awesome. He WILL be your BFF.\r\n"], ["updated_at", "2019-08-02 21:58:27.918296"], ["id", 3]]
  ↳ app/controllers/cats_controller.rb:24
  [1m[35m (0.7ms)[0m  [1m[35mCOMMIT[0m
  ↳ app/controllers/cats_controller.rb:24
Redirected to http://localhost:3000/cats/3
Completed 302 Found in 4ms (ActiveRecord: 1.5ms)


Started GET "/cats/3" for ::1 at 2019-08-02 14:58:27 -0700
Processing by CatsController#show as HTML
  Parameters: {"id"=>"3"}
  [1m[36mCat Load (0.3ms)[0m  [1m[34mSELECT  "cats".* FROM "cats" WHERE "cats"."id" = $1 LIMIT $2[0m  [["id", 3], ["LIMIT", 1]]
  ↳ app/controllers/cats_controller.rb:8
  Rendering cats/show.html.erb within layouts/application
  Rendered cats/_cat.html.erb (0.4ms)
  Rendered cats/show.html.erb within layouts/application (2.1ms)
Completed 200 OK in 17ms (Views: 16.1ms | ActiveRecord: 0.3ms)


Started GET "/cats/3/edit" for ::1 at 2019-08-02 14:58:36 -0700
Processing by CatsController#edit as HTML
  Parameters: {"id"=>"3"}
  [1m[36mCat Load (0.3ms)[0m  [1m[34mSELECT  "cats".* FROM "cats" WHERE "cats"."id" = $1 LIMIT $2[0m  [["id", 3], ["LIMIT", 1]]
  ↳ app/controllers/cats_controller.rb:13
  Rendering cats/edit.html.erb within layouts/application
  Rendered cats/_form.html.erb (0.6ms)
  Rendered cats/edit.html.erb within layouts/application (2.4ms)
Completed 200 OK in 18ms (Views: 17.3ms | ActiveRecord: 0.3ms)


Started PATCH "/cats/3" for ::1 at 2019-08-02 14:58:40 -0700
Processing by CatsController#update as HTML
  Parameters: {"kitty"=>{"name"=>"TayTay", "color"=>"gold", "birth_date"=>"1994-11-23", "sex"=>"F", "description"=>"        TayTay is super cool and definitely awesome. He WILL be your BFF.\r\n\r\n"}, "id"=>"3"}
  [1m[36mCat Load (0.3ms)[0m  [1m[34mSELECT  "cats".* FROM "cats" WHERE "cats"."id" = $1 LIMIT $2[0m  [["id", 3], ["LIMIT", 1]]
  ↳ app/controllers/cats_controller.rb:23
  [1m[35m (0.1ms)[0m  [1m[35mBEGIN[0m
  ↳ app/controllers/cats_controller.rb:24
  [1m[36mCat Update (0.4ms)[0m  [1m[33mUPDATE "cats" SET "description" = $1, "sex" = $2, "updated_at" = $3 WHERE "cats"."id" = $4[0m  [["description", "        TayTay is super cool and definitely awesome. He WILL be your BFF.\r\n\r\n"], ["sex", "F"], ["updated_at", "2019-08-02 21:58:40.246668"], ["id", 3]]
  ↳ app/controllers/cats_controller.rb:24
  [1m[35m (0.6ms)[0m  [1m[35mCOMMIT[0m
  ↳ app/controllers/cats_controller.rb:24
Redirected to http://localhost:3000/cats/3
Completed 302 Found in 4ms (ActiveRecord: 1.4ms)


Started GET "/cats/3" for ::1 at 2019-08-02 14:58:40 -0700
Processing by CatsController#show as HTML
  Parameters: {"id"=>"3"}
  [1m[36mCat Load (0.2ms)[0m  [1m[34mSELECT  "cats".* FROM "cats" WHERE "cats"."id" = $1 LIMIT $2[0m  [["id", 3], ["LIMIT", 1]]
  ↳ app/controllers/cats_controller.rb:8
  Rendering cats/show.html.erb within layouts/application
  Rendered cats/_cat.html.erb (0.4ms)
  Rendered cats/show.html.erb within layouts/application (2.1ms)
Completed 200 OK in 23ms (Views: 21.7ms | ActiveRecord: 0.2ms)


Started GET "/cats/3/edit" for ::1 at 2019-08-02 15:07:16 -0700
Processing by CatsController#edit as HTML
  Parameters: {"id"=>"3"}
  [1m[36mCat Load (0.5ms)[0m  [1m[34mSELECT  "cats".* FROM "cats" WHERE "cats"."id" = $1 LIMIT $2[0m  [["id", 3], ["LIMIT", 1]]
  ↳ app/controllers/cats_controller.rb:13
  Rendering cats/edit.html.erb within layouts/application
  Rendered cats/_form.html.erb (0.6ms)
  Rendered cats/edit.html.erb within layouts/application (2.1ms)
Completed 200 OK in 31ms (Views: 14.5ms | ActiveRecord: 8.0ms)


Started GET "/cats/3/edit" for ::1 at 2019-08-02 15:07:34 -0700
Processing by CatsController#edit as HTML
  Parameters: {"id"=>"3"}
  [1m[36mCat Load (0.3ms)[0m  [1m[34mSELECT  "cats".* FROM "cats" WHERE "cats"."id" = $1 LIMIT $2[0m  [["id", 3], ["LIMIT", 1]]
  ↳ app/controllers/cats_controller.rb:13
  Rendering cats/edit.html.erb within layouts/application
  Rendered cats/_form.html.erb (0.6ms)
  Rendered cats/edit.html.erb within layouts/application (2.4ms)
Completed 200 OK in 17ms (Views: 15.8ms | ActiveRecord: 0.3ms)


Started GET "/cats/3/edit" for ::1 at 2019-08-02 15:07:34 -0700
Processing by CatsController#edit as HTML
  Parameters: {"id"=>"3"}
  [1m[36mCat Load (0.3ms)[0m  [1m[34mSELECT  "cats".* FROM "cats" WHERE "cats"."id" = $1 LIMIT $2[0m  [["id", 3], ["LIMIT", 1]]
  ↳ app/controllers/cats_controller.rb:13
  Rendering cats/edit.html.erb within layouts/application
  Rendered cats/_form.html.erb (0.7ms)
  Rendered cats/edit.html.erb within layouts/application (2.5ms)
Completed 200 OK in 24ms (Views: 22.8ms | ActiveRecord: 0.3ms)


Started GET "/cats/3/edit" for ::1 at 2019-08-02 15:07:35 -0700
Processing by CatsController#edit as HTML
  Parameters: {"id"=>"3"}
  [1m[36mCat Load (0.3ms)[0m  [1m[34mSELECT  "cats".* FROM "cats" WHERE "cats"."id" = $1 LIMIT $2[0m  [["id", 3], ["LIMIT", 1]]
  ↳ app/controllers/cats_controller.rb:13
  Rendering cats/edit.html.erb within layouts/application
  Rendered cats/_form.html.erb (0.6ms)
  Rendered cats/edit.html.erb within layouts/application (2.4ms)
Completed 200 OK in 18ms (Views: 17.2ms | ActiveRecord: 0.3ms)


Started GET "/cats/3/edit" for ::1 at 2019-08-02 15:08:05 -0700
Processing by CatsController#edit as HTML
  Parameters: {"id"=>"3"}
  [1m[36mCat Load (0.3ms)[0m  [1m[34mSELECT  "cats".* FROM "cats" WHERE "cats"."id" = $1 LIMIT $2[0m  [["id", 3], ["LIMIT", 1]]
  ↳ app/controllers/cats_controller.rb:13
  Rendering cats/edit.html.erb within layouts/application
  Rendered cats/_form.html.erb (0.6ms)
  Rendered cats/edit.html.erb within layouts/application (2.1ms)
Completed 200 OK in 18ms (Views: 16.9ms | ActiveRecord: 0.3ms)


Started PATCH "/cats/3" for ::1 at 2019-08-02 15:08:47 -0700
Processing by CatsController#update as HTML
  Parameters: {"kitty"=>{"name"=>"TayTay", "color"=>"white", "birth_date"=>"1994-11-23", "description"=>"            TayTay is super cool and definitely awesome. He WILL be your BFF.\r\n\r\n\r\n"}, "id"=>"3"}
  [1m[36mCat Load (0.3ms)[0m  [1m[34mSELECT  "cats".* FROM "cats" WHERE "cats"."id" = $1 LIMIT $2[0m  [["id", 3], ["LIMIT", 1]]
  ↳ app/controllers/cats_controller.rb:23
  [1m[35m (0.1ms)[0m  [1m[35mBEGIN[0m
  ↳ app/controllers/cats_controller.rb:24
  [1m[36mCat Update (0.4ms)[0m  [1m[33mUPDATE "cats" SET "color" = $1, "description" = $2, "updated_at" = $3 WHERE "cats"."id" = $4[0m  [["color", "white"], ["description", "            TayTay is super cool and definitely awesome. He WILL be your BFF.\r\n\r\n\r\n"], ["updated_at", "2019-08-02 22:08:47.221132"], ["id", 3]]
  ↳ app/controllers/cats_controller.rb:24
  [1m[35m (0.7ms)[0m  [1m[35mCOMMIT[0m
  ↳ app/controllers/cats_controller.rb:24
Redirected to http://localhost:3000/cats/3
Completed 302 Found in 4ms (ActiveRecord: 1.4ms)


Started GET "/cats/3" for ::1 at 2019-08-02 15:08:47 -0700
Processing by CatsController#show as HTML
  Parameters: {"id"=>"3"}
  [1m[36mCat Load (0.2ms)[0m  [1m[34mSELECT  "cats".* FROM "cats" WHERE "cats"."id" = $1 LIMIT $2[0m  [["id", 3], ["LIMIT", 1]]
  ↳ app/controllers/cats_controller.rb:8
  Rendering cats/show.html.erb within layouts/application
  Rendered cats/_cat.html.erb (0.5ms)
  Rendered cats/show.html.erb within layouts/application (2.5ms)
Completed 200 OK in 20ms (Views: 19.0ms | ActiveRecord: 0.2ms)


Started GET "/cats/new" for ::1 at 2019-08-02 15:18:45 -0700
Processing by CatsController#new as HTML
  Rendering cats/new.html.erb within layouts/application
  Rendered cats/_form.html.erb (0.5ms)
  Rendered cats/new.html.erb within layouts/application (2.1ms)
Completed 200 OK in 31ms (Views: 15.0ms | ActiveRecord: 7.6ms)


Started POST "/cats" for ::1 at 2019-08-02 15:19:42 -0700
Processing by CatsController#create as HTML
  Parameters: {"kitty"=>{"name"=>"TayTay", "color"=>"white", "birth_date"=>"1994-11-23", "sex"=>"F", "description"=>"TayTay is super cool and definitely awesome. He WILL be your BFF."}}
  [1m[35m (0.1ms)[0m  [1m[35mBEGIN[0m
  ↳ app/controllers/cats_controller.rb:34
  [1m[36mCat Create (0.7ms)[0m  [1m[32mINSERT INTO "cats" ("birth_date", "color", "name", "sex", "description", "created_at", "updated_at") VALUES ($1, $2, $3, $4, $5, $6, $7) RETURNING "id"[0m  [["birth_date", "1994-11-23"], ["color", "white"], ["name", "TayTay"], ["sex", "F"], ["description", "TayTay is super cool and definitely awesome. He WILL be your BFF."], ["created_at", "2019-08-02 22:19:42.076167"], ["updated_at", "2019-08-02 22:19:42.076167"]]
  ↳ app/controllers/cats_controller.rb:34
  [1m[35m (0.3ms)[0m  [1m[35mCOMMIT[0m
  ↳ app/controllers/cats_controller.rb:34
Redirected to http://localhost:3000/cats/4
Completed 302 Found in 3ms (ActiveRecord: 1.1ms)


Started GET "/cats/4" for ::1 at 2019-08-02 15:19:42 -0700
Processing by CatsController#show as HTML
  Parameters: {"id"=>"4"}
  [1m[36mCat Load (0.4ms)[0m  [1m[34mSELECT  "cats".* FROM "cats" WHERE "cats"."id" = $1 LIMIT $2[0m  [["id", 4], ["LIMIT", 1]]
  ↳ app/controllers/cats_controller.rb:8
  Rendering cats/show.html.erb within layouts/application
  Rendered cats/_cat.html.erb (0.3ms)
  Rendered cats/show.html.erb within layouts/application (1.9ms)
Completed 200 OK in 16ms (Views: 14.5ms | ActiveRecord: 0.5ms)


  [1m[36mCat Load (0.5ms)[0m  [1m[34mSELECT  "cats".* FROM "cats" WHERE "cats"."id" = $1 LIMIT $2[0m  [["id", 4], ["LIMIT", 1]]
  [1m[36mCat Load (0.5ms)[0m  [1m[34mSELECT  "cats".* FROM "cats" WHERE "cats"."id" = $1 LIMIT $2[0m  [["id", 4], ["LIMIT", 1]]
  [1m[35m (0.2ms)[0m  [1m[35mBEGIN[0m
  [1m[36mCat Destroy (0.4ms)[0m  [1m[31mDELETE FROM "cats" WHERE "cats"."id" = $1[0m  [["id", 4]]
  [1m[35m (0.7ms)[0m  [1m[35mCOMMIT[0m
Started GET "/cats/new" for ::1 at 2019-08-02 15:21:16 -0700
  [1m[35m (0.7ms)[0m  [1m[34mSELECT "schema_migrations"."version" FROM "schema_migrations" ORDER BY "schema_migrations"."version" ASC[0m
  ↳ /Users/kevinkaminski/.rbenv/versions/2.5.1/lib/ruby/gems/2.5.0/gems/activerecord-5.2.3/lib/active_record/log_subscriber.rb:98
Processing by CatsController#new as HTML
  Rendering cats/new.html.erb within layouts/application
  Rendered cats/_form.html.erb (0.6ms)
  Rendered cats/new.html.erb within layouts/application (2.5ms)
Completed 200 OK in 132ms (Views: 108.5ms | ActiveRecord: 4.7ms)


Started POST "/cats" for ::1 at 2019-08-02 15:21:56 -0700
Processing by CatsController#create as HTML
  Parameters: {"kitty"=>{"name"=>"TayTay", "color"=>"white", "birth_date"=>"1994-11-23", "sex"=>"F", "description"=>"TayTay is super cool and definitely awesome. He WILL be your BFF."}}
  [1m[35m (0.1ms)[0m  [1m[35mBEGIN[0m
  ↳ app/controllers/cats_controller.rb:34
  [1m[36mCat Create (0.7ms)[0m  [1m[32mINSERT INTO "cats" ("birth_date", "color", "name", "sex", "description", "created_at", "updated_at") VALUES ($1, $2, $3, $4, $5, $6, $7) RETURNING "id"[0m  [["birth_date", "1994-11-23"], ["color", "white"], ["name", "TayTay"], ["sex", "F"], ["description", "TayTay is super cool and definitely awesome. He WILL be your BFF."], ["created_at", "2019-08-02 22:21:56.008160"], ["updated_at", "2019-08-02 22:21:56.008160"]]
  ↳ app/controllers/cats_controller.rb:34
  [1m[35m (0.6ms)[0m  [1m[35mCOMMIT[0m
  ↳ app/controllers/cats_controller.rb:34
Redirected to http://localhost:3000/cats/5
Completed 302 Found in 4ms (ActiveRecord: 1.4ms)


Started GET "/cats/5" for ::1 at 2019-08-02 15:21:56 -0700
Processing by CatsController#show as HTML
  Parameters: {"id"=>"5"}
  [1m[36mCat Load (0.4ms)[0m  [1m[34mSELECT  "cats".* FROM "cats" WHERE "cats"."id" = $1 LIMIT $2[0m  [["id", 5], ["LIMIT", 1]]
  ↳ app/controllers/cats_controller.rb:8
  Rendering cats/show.html.erb within layouts/application
  Rendered cats/_cat.html.erb (0.3ms)
  Rendered cats/show.html.erb within layouts/application (1.7ms)
Completed 200 OK in 17ms (Views: 14.0ms | ActiveRecord: 0.5ms)


Started GET "/cats" for ::1 at 2019-08-02 15:22:07 -0700
Processing by CatsController#index as HTML
  Rendering cats/index.html.erb within layouts/application
  [1m[36mCat Load (0.3ms)[0m  [1m[34mSELECT "cats".* FROM "cats"[0m
  ↳ app/views/cats/index.html.erb:8
  Rendered cats/_cat.html.erb (0.4ms)
  Rendered cats/_cat.html.erb (0.1ms)
  Rendered cats/_cat.html.erb (0.1ms)
  Rendered cats/_cat.html.erb (0.1ms)
  Rendered cats/index.html.erb within layouts/application (7.8ms)
Completed 200 OK in 22ms (Views: 21.1ms | ActiveRecord: 0.3ms)


Started GET "/cats/new" for ::1 at 2019-08-02 15:22:46 -0700
Processing by CatsController#new as HTML
  Rendering cats/new.html.erb within layouts/application
  Rendered cats/_form.html.erb (0.5ms)
  Rendered cats/new.html.erb within layouts/application (2.1ms)
Completed 200 OK in 27ms (Views: 14.8ms | ActiveRecord: 4.7ms)


Started POST "/cats" for ::1 at 2019-08-02 15:23:00 -0700
Processing by CatsController#create as HTML
  Parameters: {"kitty"=>{"name"=>"adf", "color"=>"yellow", "birth_date"=>"2342-03-04", "sex"=>"M", "description"=>"    \r\n23423423"}}
  [1m[35m (0.1ms)[0m  [1m[35mBEGIN[0m
  ↳ app/controllers/cats_controller.rb:34
  [1m[36mCat Create (0.4ms)[0m  [1m[32mINSERT INTO "cats" ("birth_date", "color", "name", "sex", "description", "created_at", "updated_at") VALUES ($1, $2, $3, $4, $5, $6, $7) RETURNING "id"[0m  [["birth_date", "2342-03-04"], ["color", "yellow"], ["name", "adf"], ["sex", "M"], ["description", "    \r\n23423423"], ["created_at", "2019-08-02 22:23:00.148832"], ["updated_at", "2019-08-02 22:23:00.148832"]]
  ↳ app/controllers/cats_controller.rb:34
  [1m[35m (0.5ms)[0m  [1m[35mCOMMIT[0m
  ↳ app/controllers/cats_controller.rb:34
Redirected to http://localhost:3000/cats/6
Completed 302 Found in 4ms (ActiveRecord: 1.0ms)


Started GET "/cats/6" for ::1 at 2019-08-02 15:23:00 -0700
Processing by CatsController#show as HTML
  Parameters: {"id"=>"6"}
  [1m[36mCat Load (0.3ms)[0m  [1m[34mSELECT  "cats".* FROM "cats" WHERE "cats"."id" = $1 LIMIT $2[0m  [["id", 6], ["LIMIT", 1]]
  ↳ app/controllers/cats_controller.rb:8
  Rendering cats/show.html.erb within layouts/application
  Rendered cats/_cat.html.erb (0.4ms)
  Rendered cats/show.html.erb within layouts/application (2.0ms)
Completed 200 OK in 17ms (Views: 15.7ms | ActiveRecord: 0.3ms)


Started GET "/cats/new" for ::1 at 2019-08-02 15:23:41 -0700
Processing by CatsController#new as HTML
Started GET "/cats/new" for ::1 at 2019-08-02 15:23:51 -0700
  Rendering cats/new.html.erb within layouts/application
  Rendered cats/_form.html.erb (4.9ms)
  Rendered cats/new.html.erb within layouts/application (13.5ms)
Completed 200 OK in 25913ms (Views: 151.4ms | ActiveRecord: 10.3ms)


Processing by CatsController#new as HTML
  Rendering cats/new.html.erb within layouts/application
  Rendered cats/_form.html.erb (0.2ms)
  Rendered cats/new.html.erb within layouts/application (1.4ms)
Completed 200 OK in 3418ms (Views: 13.0ms | ActiveRecord: 3.7ms)


  [1m[35m (0.2ms)[0m  [1m[34mSELECT pg_try_advisory_lock(53283042395386965)[0m
  ↳ bin/rails:9
  [1m[35m (0.6ms)[0m  [1m[34mSELECT "schema_migrations"."version" FROM "schema_migrations" ORDER BY "schema_migrations"."version" ASC[0m
  ↳ bin/rails:9
Migrating to CreateCatRentalRequests (20190802223703)
  [1m[35m (0.1ms)[0m  [1m[35mBEGIN[0m
  ↳ bin/rails:9
  [1m[35m (4.6ms)[0m  [1m[35mCREATE TABLE "cat_rental_requests" ("id" bigserial primary key, "cat_id" integer NOT NULL, "start_date" date NOT NULL, "end_date" date NOT NULL, "status" character varying DEFAULT 'PENDING' NOT NULL, "created_at" timestamp NOT NULL, "updated_at" timestamp NOT NULL)[0m
  ↳ db/migrate/20190802223703_create_cat_rental_requests.rb:3
  [1m[35m (0.8ms)[0m  [1m[35mCREATE  INDEX  "index_cat_rental_requests_on_cat_id" ON "cat_rental_requests"  ("cat_id")[0m
  ↳ db/migrate/20190802223703_create_cat_rental_requests.rb:3
  [1m[36mActiveRecord::SchemaMigration Create (0.3ms)[0m  [1m[32mINSERT INTO "schema_migrations" ("version") VALUES ($1) RETURNING "version"[0m  [["version", "20190802223703"]]
  ↳ bin/rails:9
  [1m[35m (0.5ms)[0m  [1m[35mCOMMIT[0m
  ↳ bin/rails:9
  [1m[36mActiveRecord::InternalMetadata Load (0.3ms)[0m  [1m[34mSELECT  "ar_internal_metadata".* FROM "ar_internal_metadata" WHERE "ar_internal_metadata"."key" = $1 LIMIT $2[0m  [["key", "environment"], ["LIMIT", 1]]
  ↳ bin/rails:9
  [1m[35m (0.1ms)[0m  [1m[35mBEGIN[0m
  ↳ bin/rails:9
  [1m[35m (0.1ms)[0m  [1m[35mCOMMIT[0m
  ↳ bin/rails:9
  [1m[35m (0.2ms)[0m  [1m[34mSELECT pg_advisory_unlock(53283042395386965)[0m
  ↳ bin/rails:9
  [1m[35m (0.2ms)[0m  [1m[34mSELECT "schema_migrations"."version" FROM "schema_migrations" ORDER BY "schema_migrations"."version" ASC[0m
  ↳ bin/rails:9
  [1m[35m (0.6ms)[0m  [1m[34mSELECT "schema_migrations"."version" FROM "schema_migrations" ORDER BY "schema_migrations"."version" ASC[0m
  ↳ /Users/kevinkaminski/.rbenv/versions/2.5.1/bin/annotate:23
  [1m[35m (0.2ms)[0m  [1m[35mBEGIN[0m
  [1m[36mCat Load (0.6ms)[0m  [1m[34mSELECT  "cats".* FROM "cats" WHERE "cats"."id" = $1 LIMIT $2[0m  [["id", 1], ["LIMIT", 1]]
  [1m[36mCatRentalRequest Create (2.5ms)[0m  [1m[32mINSERT INTO "cat_rental_requests" ("cat_id", "start_date", "end_date", "created_at", "updated_at") VALUES ($1, $2, $3, $4, $5) RETURNING "id"[0m  [["cat_id", 1], ["start_date", 2017], ["end_date", 1987], ["created_at", "2019-08-02 23:28:25.988816"], ["updated_at", "2019-08-02 23:28:25.988816"]]
  [1m[35m (0.2ms)[0m  [1m[31mROLLBACK[0m
  [1m[35m (0.2ms)[0m  [1m[35mBEGIN[0m
  [1m[36mCat Load (0.4ms)[0m  [1m[34mSELECT  "cats".* FROM "cats" WHERE "cats"."id" = $1 LIMIT $2[0m  [["id", 1], ["LIMIT", 1]]
  [1m[36mCatRentalRequest Create (1.5ms)[0m  [1m[32mINSERT INTO "cat_rental_requests" ("cat_id", "start_date", "end_date", "created_at", "updated_at") VALUES ($1, $2, $3, $4, $5) RETURNING "id"[0m  [["cat_id", 1], ["start_date", 2019], ["end_date", 65], ["created_at", "2019-08-02 23:29:57.897085"], ["updated_at", "2019-08-02 23:29:57.897085"]]
  [1m[35m (0.1ms)[0m  [1m[31mROLLBACK[0m
  [1m[35m (0.2ms)[0m  [1m[35mBEGIN[0m
  [1m[36mCat Load (0.3ms)[0m  [1m[34mSELECT  "cats".* FROM "cats" WHERE "cats"."id" = $1 LIMIT $2[0m  [["id", 1], ["LIMIT", 1]]
  [1m[36mCatRentalRequest Create (0.9ms)[0m  [1m[32mINSERT INTO "cat_rental_requests" ("cat_id", "start_date", "end_date", "created_at", "updated_at") VALUES ($1, $2, $3, $4, $5) RETURNING "id"[0m  [["cat_id", 1], ["start_date", "2019-01-01"], ["end_date", "2019-01-31"], ["created_at", "2019-08-02 23:30:25.145111"], ["updated_at", "2019-08-02 23:30:25.145111"]]
  [1m[35m (0.4ms)[0m  [1m[35mCOMMIT[0m
  [1m[35m (0.2ms)[0m  [1m[35mBEGIN[0m
  [1m[36mCat Load (0.4ms)[0m  [1m[34mSELECT  "cats".* FROM "cats" WHERE "cats"."id" = $1 LIMIT $2[0m  [["id", 1], ["LIMIT", 1]]
  [1m[36mCatRentalRequest Create (0.4ms)[0m  [1m[32mINSERT INTO "cat_rental_requests" ("cat_id", "start_date", "end_date", "created_at", "updated_at") VALUES ($1, $2, $3, $4, $5) RETURNING "id"[0m  [["cat_id", 1], ["start_date", "2019-01-05"], ["end_date", "2019-01-10"], ["created_at", "2019-08-02 23:30:48.970352"], ["updated_at", "2019-08-02 23:30:48.970352"]]
  [1m[35m (0.7ms)[0m  [1m[35mCOMMIT[0m
  [1m[35m (0.2ms)[0m  [1m[35mBEGIN[0m
  [1m[36mCat Load (0.3ms)[0m  [1m[34mSELECT  "cats".* FROM "cats" WHERE "cats"."id" = $1 LIMIT $2[0m  [["id", 1], ["LIMIT", 1]]
  [1m[36mCatRentalRequest Create (0.3ms)[0m  [1m[32mINSERT INTO "cat_rental_requests" ("cat_id", "start_date", "end_date", "created_at", "updated_at") VALUES ($1, $2, $3, $4, $5) RETURNING "id"[0m  [["cat_id", 1], ["start_date", "2019-11-10"], ["end_date", "2020-03-03"], ["created_at", "2019-08-02 23:31:40.114474"], ["updated_at", "2019-08-02 23:31:40.114474"]]
  [1m[35m (0.7ms)[0m  [1m[35mCOMMIT[0m
  [1m[35m (0.2ms)[0m  [1m[35mBEGIN[0m
  [1m[36mCat Load (0.3ms)[0m  [1m[34mSELECT  "cats".* FROM "cats" WHERE "cats"."id" = $1 LIMIT $2[0m  [["id", 1], ["LIMIT", 1]]
  [1m[36mCatRentalRequest Create (0.3ms)[0m  [1m[32mINSERT INTO "cat_rental_requests" ("cat_id", "start_date", "end_date", "created_at", "updated_at") VALUES ($1, $2, $3, $4, $5) RETURNING "id"[0m  [["cat_id", 1], ["start_date", "2019-12-12"], ["end_date", "2020-04-12"], ["created_at", "2019-08-02 23:32:41.131238"], ["updated_at", "2019-08-02 23:32:41.131238"]]
  [1m[35m (0.8ms)[0m  [1m[35mCOMMIT[0m
  [1m[36mCatRentalRequest Load (0.5ms)[0m  [1m[34mSELECT "cat_rental_requests".* FROM "cat_rental_requests"[0m
  [1m[36mCatRentalRequest Load (0.3ms)[0m  [1m[34mSELECT  "cat_rental_requests".* FROM "cat_rental_requests" ORDER BY "cat_rental_requests"."id" ASC LIMIT $1[0m  [["LIMIT", 1]]
  [1m[36mCatRentalRequest Load (0.6ms)[0m  [1m[34mSELECT "cat_rental_requests".* FROM "cat_rental_requests" WHERE (cat_id = 1) AND (start_date <= '2019-01-31' AND '2019-01-01' <= end_date)[0m
  [1m[36mCatRentalRequest Load (0.4ms)[0m  [1m[34mSELECT "cat_rental_requests".* FROM "cat_rental_requests" WHERE (cat_id = NULL) AND (start_date <= '2020-04-12' AND '2019-02-01' <= end_date)[0m
  [1m[36mCatRentalRequest Load (0.4ms)[0m  [1m[34mSELECT "cat_rental_requests".* FROM "cat_rental_requests" WHERE (cat_id = NULL) AND (start_date <= '2020-04-12' AND '2019-02-01' <= end_date)[0m
  [1m[36mCatRentalRequest Load (0.6ms)[0m  [1m[34mSELECT "cat_rental_requests".* FROM "cat_rental_requests" WHERE (cat_id = 1) AND (start_date <= '2020-04-12' AND '2019-02-01' <= end_date)[0m
  [1m[35m (0.2ms)[0m  [1m[35mBEGIN[0m
  [1m[36mCat Load (0.2ms)[0m  [1m[34mSELECT  "cats".* FROM "cats" WHERE "cats"."id" = $1 LIMIT $2[0m  [["id", 1], ["LIMIT", 1]]
  [1m[36mCatRentalRequest Create (0.3ms)[0m  [1m[32mINSERT INTO "cat_rental_requests" ("cat_id", "start_date", "end_date", "status", "created_at", "updated_at") VALUES ($1, $2, $3, $4, $5, $6) RETURNING "id"[0m  [["cat_id", 1], ["start_date", "2019-04-10"], ["end_date", "2020-04-15"], ["status", "APPROVED"], ["created_at", "2019-08-02 23:40:45.769360"], ["updated_at", "2019-08-02 23:40:45.769360"]]
  [1m[35m (0.6ms)[0m  [1m[35mCOMMIT[0m
  [1m[36mCatRentalRequest Exists (2.0ms)[0m  [1m[34mSELECT  1 AS one FROM "cat_rental_requests" WHERE (cat_id = 1) AND (start_date <= '2020-04-15' AND '2019-04-10' <= end_date) AND (status = APPROVED) LIMIT $1[0m  [["LIMIT", 1]]
  [1m[36mCatRentalRequest Exists (0.9ms)[0m  [1m[34mSELECT  1 AS one FROM "cat_rental_requests" WHERE (cat_id = 1) AND (start_date <= '2020-04-15' AND '2019-04-10' <= end_date) AND (status = 'APPROVED') LIMIT $1[0m  [["LIMIT", 1]]
  [1m[36mCatRentalRequest Exists (0.6ms)[0m  [1m[34mSELECT  1 AS one FROM "cat_rental_requests" WHERE (cat_id = 1) AND (start_date <= '2023-04-15' AND '2022-04-10' <= end_date) AND (status = 'APPROVED') LIMIT $1[0m  [["LIMIT", 1]]
Started GET "/cats/3" for ::1 at 2019-08-02 16:51:45 -0700
  [1m[35m (0.6ms)[0m  [1m[34mSELECT "schema_migrations"."version" FROM "schema_migrations" ORDER BY "schema_migrations"."version" ASC[0m
  ↳ /Users/kevinkaminski/.rbenv/versions/2.5.1/lib/ruby/gems/2.5.0/gems/activerecord-5.2.3/lib/active_record/log_subscriber.rb:98
Processing by CatsController#show as HTML
  Parameters: {"id"=>"3"}
  [1m[36mCat Load (0.5ms)[0m  [1m[34mSELECT  "cats".* FROM "cats" WHERE "cats"."id" = $1 LIMIT $2[0m  [["id", 3], ["LIMIT", 1]]
  ↳ app/controllers/cats_controller.rb:8
  Rendering cats/show.html.erb within layouts/application
  Rendered cats/_cat.html.erb (0.4ms)
  Rendered cats/show.html.erb within layouts/application (2.2ms)
Completed 200 OK in 136ms (Views: 109.7ms | ActiveRecord: 5.4ms)


Started GET "/catrentalrequest/new" for ::1 at 2019-08-02 16:51:54 -0700
  
ActionController::RoutingError (No route matches [GET] "/catrentalrequest/new"):
  
actionpack (5.2.3) lib/action_dispatch/middleware/debug_exceptions.rb:65:in `call'
web-console (3.7.0) lib/web_console/middleware.rb:135:in `call_app'
web-console (3.7.0) lib/web_console/middleware.rb:30:in `block in call'
web-console (3.7.0) lib/web_console/middleware.rb:20:in `catch'
web-console (3.7.0) lib/web_console/middleware.rb:20:in `call'
actionpack (5.2.3) lib/action_dispatch/middleware/show_exceptions.rb:33:in `call'
railties (5.2.3) lib/rails/rack/logger.rb:38:in `call_app'
railties (5.2.3) lib/rails/rack/logger.rb:26:in `block in call'
activesupport (5.2.3) lib/active_support/tagged_logging.rb:71:in `block in tagged'
activesupport (5.2.3) lib/active_support/tagged_logging.rb:28:in `tagged'
activesupport (5.2.3) lib/active_support/tagged_logging.rb:71:in `tagged'
railties (5.2.3) lib/rails/rack/logger.rb:26:in `call'
sprockets-rails (3.2.1) lib/sprockets/rails/quiet_assets.rb:13:in `call'
actionpack (5.2.3) lib/action_dispatch/middleware/remote_ip.rb:81:in `call'
actionpack (5.2.3) lib/action_dispatch/middleware/request_id.rb:27:in `call'
rack (2.0.7) lib/rack/method_override.rb:22:in `call'
rack (2.0.7) lib/rack/runtime.rb:22:in `call'
activesupport (5.2.3) lib/active_support/cache/strategy/local_cache_middleware.rb:29:in `call'
actionpack (5.2.3) lib/action_dispatch/middleware/executor.rb:14:in `call'
actionpack (5.2.3) lib/action_dispatch/middleware/static.rb:127:in `call'
rack (2.0.7) lib/rack/sendfile.rb:111:in `call'
railties (5.2.3) lib/rails/engine.rb:524:in `call'
puma (3.12.1) lib/puma/configuration.rb:227:in `call'
puma (3.12.1) lib/puma/server.rb:660:in `handle_request'
puma (3.12.1) lib/puma/server.rb:474:in `process_client'
puma (3.12.1) lib/puma/server.rb:334:in `block in run'
puma (3.12.1) lib/puma/thread_pool.rb:135:in `block in spawn_thread'
Started GET "/cat_rental_requests/new" for ::1 at 2019-08-02 16:52:14 -0700
Processing by CatRentalRequestsController#new as HTML
Completed 500 Internal Server Error in 16ms (ActiveRecord: 4.1ms)



ActionView::MissingTemplate - Missing template cat_rental_requests/new, application/new with {:locale=>[:en], :formats=>[:html], :variants=>[], :handlers=>[:raw, :erb, :html, :builder, :ruby, :coffee, :jbuilder]}. Searched in:
  * "/Users/kevinkaminski/Documents/App Academy/Pair Programming/W6D5/Cats/app/views"
:
  app/controllers/cat_rental_requests_controller.rb:5:in `new'

Started POST "/__better_errors/800d3abaa82f633e/variables" for ::1 at 2019-08-02 16:52:14 -0700
Started GET "/cat_rental_requests/new" for ::1 at 2019-08-02 16:53:04 -0700
Processing by CatRentalRequestsController#new as HTML
  Rendering cat_rental_requests/new.html.erb within layouts/application
  Rendered cat_rental_requests/new.html.erb within layouts/application (2.4ms)
Completed 500 Internal Server Error in 7ms (ActiveRecord: 0.0ms)



ActionController::UrlGenerationError - No route matches {:action=>"show", :controller=>"cat_rental_requests", :id=>nil}, missing required keys: [:id]:
  app/views/cat_rental_requests/new.html.erb:1:in `_app_views_cat_rental_requests_new_html_erb___280674113710765946_70239055182560'
  app/controllers/cat_rental_requests_controller.rb:5:in `new'

Started POST "/__better_errors/07d7a1a22034a4a8/variables" for ::1 at 2019-08-02 16:53:04 -0700
Started GET "/cat_rental_requests/new" for ::1 at 2019-08-02 16:54:38 -0700
Processing by CatRentalRequestsController#new as HTML
  Rendering cat_rental_requests/new.html.erb within layouts/application
  Rendered cat_rental_requests/new.html.erb within layouts/application (4.2ms)
Completed 500 Internal Server Error in 19ms (ActiveRecord: 4.0ms)



ActionController::UrlGenerationError - No route matches {:action=>"show", :controller=>"cat_rental_requests", :id=>nil}, missing required keys: [:id]:
  app/views/cat_rental_requests/new.html.erb:1:in `_app_views_cat_rental_requests_new_html_erb___280674113710765946_70239105836140'
  app/controllers/cat_rental_requests_controller.rb:20:in `new'

Started POST "/__better_errors/3b821e5760c01726/variables" for ::1 at 2019-08-02 16:54:38 -0700
Started GET "/cat_rental_requests/new" for ::1 at 2019-08-02 16:55:04 -0700
Processing by CatRentalRequestsController#new as HTML
  Rendering cat_rental_requests/new.html.erb within layouts/application
  Rendered cat_rental_requests/new.html.erb within layouts/application (199.7ms)
Completed 500 Internal Server Error in 204ms (ActiveRecord: 0.0ms)



NameError - undefined local variable or method `kitty' for #<#<Class:0x00007fc3a1e7f4c0>:0x00007fc39d728b30>
Did you mean?  @kitty:
  app/views/cat_rental_requests/new.html.erb:3:in `_app_views_cat_rental_requests_new_html_erb___280674113710765946_70239068412920'
  app/controllers/cat_rental_requests_controller.rb:20:in `new'

Started POST "/__better_errors/9cd7ca93280187a7/variables" for ::1 at 2019-08-02 16:55:04 -0700
Started GET "/cat_rental_requests/new" for ::1 at 2019-08-02 16:56:00 -0700
Processing by CatRentalRequestsController#new as HTML
  Rendering cat_rental_requests/new.html.erb within layouts/application
  Rendered cat_rental_requests/new.html.erb within layouts/application (0.5ms)
Completed 200 OK in 13ms (Views: 12.7ms | ActiveRecord: 0.0ms)


Started POST "/cat_rental_requests" for ::1 at 2019-08-02 16:56:14 -0700
Processing by CatRentalRequestsController#create as HTML
  Parameters: {"@kitty"=>{"cat_id"=>"3", "start_date"=>"2019-08-14", "end_date"=>"2019-08-30"}}
Completed 400 Bad Request in 1ms (ActiveRecord: 0.0ms)



ActionController::ParameterMissing - param is missing or the value is empty: kitty:
  app/controllers/cat_rental_requests_controller.rb:44:in `cat_rental_request_params'
  app/controllers/cat_rental_requests_controller.rb:33:in `create'

Started POST "/__better_errors/768d049b66038d1a/variables" for ::1 at 2019-08-02 16:56:14 -0700
Started POST "/cat_rental_requests" for ::1 at 2019-08-02 16:57:15 -0700
Processing by CatRentalRequestsController#create as HTML
  Parameters: {"@kitty"=>{"cat_id"=>"3", "start_date"=>"2019-08-14", "end_date"=>"2019-08-30"}}
Completed 400 Bad Request in 2ms (ActiveRecord: 0.0ms)



ActionController::ParameterMissing - param is missing or the value is empty: kitty:
  app/controllers/cat_rental_requests_controller.rb:44:in `cat_rental_request_params'
  app/controllers/cat_rental_requests_controller.rb:33:in `create'

Started POST "/__better_errors/c4fa962e92f452f7/variables" for ::1 at 2019-08-02 16:57:15 -0700
Started GET "/cat_rental_requests/new" for ::1 at 2019-08-02 16:57:48 -0700
Processing by CatRentalRequestsController#new as HTML
  Rendering cat_rental_requests/new.html.erb within layouts/application
  Rendered cat_rental_requests/new.html.erb within layouts/application (0.5ms)
Completed 200 OK in 28ms (Views: 17.0ms | ActiveRecord: 4.6ms)


Started POST "/cat_rental_requests" for ::1 at 2019-08-02 16:58:04 -0700
Processing by CatRentalRequestsController#create as HTML
  Parameters: {"@kitty"=>{"cat_id"=>"1", "start_date"=>"2019-08-21", "end_date"=>"2019-08-31"}}
Completed 400 Bad Request in 1ms (ActiveRecord: 0.0ms)



ActionController::ParameterMissing - param is missing or the value is empty: kitty:
  app/controllers/cat_rental_requests_controller.rb:44:in `cat_rental_request_params'
  app/controllers/cat_rental_requests_controller.rb:33:in `create'

Started POST "/__better_errors/f4b67da26b595b03/variables" for ::1 at 2019-08-02 16:58:04 -0700
Started GET "/cat_rental_requests/new" for ::1 at 2019-08-02 16:59:08 -0700
Processing by CatRentalRequestsController#new as HTML
  Rendering cat_rental_requests/new.html.erb within layouts/application
  Rendered cat_rental_requests/new.html.erb within layouts/application (0.5ms)
Completed 200 OK in 32ms (Views: 18.2ms | ActiveRecord: 4.5ms)


Started POST "/cat_rental_requests" for ::1 at 2019-08-02 16:59:16 -0700
Processing by CatRentalRequestsController#create as HTML
  Parameters: {"@kitty"=>{"cat_id"=>"2", "start_date"=>"2019-08-05", "end_date"=>"2019-08-30"}}
Completed 400 Bad Request in 1ms (ActiveRecord: 0.0ms)



ActionController::ParameterMissing - param is missing or the value is empty: kitty:
  app/controllers/cat_rental_requests_controller.rb:44:in `cat_rental_request_params'
  app/controllers/cat_rental_requests_controller.rb:33:in `create'

Started POST "/__better_errors/e6cde8bd34f65456/variables" for ::1 at 2019-08-02 16:59:16 -0700
Started POST "/cat_rental_requests" for ::1 at 2019-08-02 17:01:20 -0700
Processing by CatRentalRequestsController#create as HTML
  Parameters: {"@kitty"=>{"cat_id"=>"2", "start_date"=>"2019-08-05", "end_date"=>"2019-08-30"}}
Completed 400 Bad Request in 2ms (ActiveRecord: 0.0ms)



ActionController::ParameterMissing - param is missing or the value is empty: kitty:
  app/controllers/cat_rental_requests_controller.rb:44:in `cat_rental_request_params'
  app/controllers/cat_rental_requests_controller.rb:33:in `create'

Started POST "/__better_errors/38430966d8977168/variables" for ::1 at 2019-08-02 17:01:20 -0700
Started POST "/cat_rental_requests" for ::1 at 2019-08-02 17:01:42 -0700

SyntaxError - syntax error, unexpected tSTRING_BEG, expecting ')'
..., :end_date, :cat_id, :status='PENDING')
...                              ^
/Users/kevinkaminski/Documents/App Academy/Pair Programming/W6D5/Cats/app/controllers/cat_rental_requests_controller.rb:44: syntax error, unexpected ')', expecting keyword_end
...te, :cat_id, :status='PENDING')
...                              ^:
  app/controllers/cat_rental_requests_controller.rb:44:in `'

Started POST "/__better_errors/270accb42a3ffdfd/variables" for ::1 at 2019-08-02 17:01:43 -0700
